[2025-10-15 15:16:17,702][flwr][WARNING] - DEPRECATED FEATURE: flwr.simulation.start_simulation() is deprecated.
	Instead, use the `flwr run` CLI command to start a local simulation in your Flower app, as shown for example below:

		$ flwr new  # Create a new Flower app from a template

		$ flwr run  # Run the Flower app in Simulation Mode

	Using `start_simulation()` is deprecated.

            This is a deprecated feature. It will be removed
            entirely in future versions of Flower.
        
[2025-10-15 15:16:17,702][flwr][INFO] - Starting Flower simulation, config: num_rounds=1, no round_timeout
[2025-10-15 15:16:19,036][flwr][INFO] - Flower VCE: Ray initialized with resources: {'CPU': 20.0, 'object_store_memory': 8019245875.0, 'memory': 18711573709.0, 'node:__internal_head__': 1.0, 'node:10.100.14.161': 1.0}
[2025-10-15 15:16:19,036][flwr][INFO] - Optimize your simulation with Flower VCE: https://flower.ai/docs/framework/how-to-run-simulations.html
[2025-10-15 15:16:19,036][flwr][INFO] - No `client_resources` specified. Using minimal resources for clients.
[2025-10-15 15:16:19,036][flwr][INFO] - Flower VCE: Resources for each Virtual Client: {'num_cpus': 1, 'num_gpus': 0.0}
[2025-10-15 15:16:19,078][flwr][INFO] - Flower VCE: Creating VirtualClientEngineActorPool with 20 actors
[2025-10-15 15:16:19,078][flwr][INFO] - [INIT]
[2025-10-15 15:16:19,078][flwr][INFO] - Requesting initial parameters from one random client
[2025-10-15 15:16:20,426][flwr][INFO] - Received initial parameters from one random client
[2025-10-15 15:16:20,426][flwr][INFO] - Starting evaluation of initial global parameters
[2025-10-15 15:16:20,940][flwr][INFO] - initial parameters (loss, other metrics): 182.1606194972992, {'accuracy': 0.092}
[2025-10-15 15:16:20,940][flwr][INFO] - 
[2025-10-15 15:16:20,940][flwr][INFO] - [ROUND 1]
[2025-10-15 15:16:20,940][flwr][INFO] - configure_fit: strategy sampled 10 clients (out of 100)
[2025-10-15 15:16:21,440][flwr][ERROR] - Traceback (most recent call last):
  File "/home/mamatha/anaconda3/lib/python3.13/site-packages/flwr/simulation/ray_transport/ray_client_proxy.py", line 95, in _submit_job
    out_mssg, updated_context = self.actor_pool.get_client_result(
                                ~~~~~~~~~~~~~~~~~~~~~~~~~~~~~~~~~^
        partition_id_str, timeout
        ^^^^^^^^^^^^^^^^^^^^^^^^^
    )
    ^
  File "/home/mamatha/anaconda3/lib/python3.13/site-packages/flwr/simulation/ray_transport/ray_actor.py", line 401, in get_client_result
    return self._fetch_future_result(cid)
           ~~~~~~~~~~~~~~~~~~~~~~~~~^^^^^
  File "/home/mamatha/anaconda3/lib/python3.13/site-packages/flwr/simulation/ray_transport/ray_actor.py", line 282, in _fetch_future_result
    res_cid, out_mssg, updated_context = ray.get(
                                         ~~~~~~~^
        future
        ^^^^^^
    )  # type: (str, Message, Context)
    ^
  File "/home/mamatha/anaconda3/lib/python3.13/site-packages/ray/_private/auto_init_hook.py", line 22, in auto_init_wrapper
    return fn(*args, **kwargs)
  File "/home/mamatha/anaconda3/lib/python3.13/site-packages/ray/_private/client_mode_hook.py", line 104, in wrapper
    return func(*args, **kwargs)
  File "/home/mamatha/anaconda3/lib/python3.13/site-packages/ray/_private/worker.py", line 2962, in get
    values, debugger_breakpoint = worker.get_objects(
                                  ~~~~~~~~~~~~~~~~~~^
        object_refs, timeout=timeout, _tensor_transport=_tensor_transport
        ^^^^^^^^^^^^^^^^^^^^^^^^^^^^^^^^^^^^^^^^^^^^^^^^^^^^^^^^^^^^^^^^^
    )
    ^
  File "/home/mamatha/anaconda3/lib/python3.13/site-packages/ray/_private/worker.py", line 1026, in get_objects
    raise value.as_instanceof_cause()
ray.exceptions.RayTaskError(ClientAppException): [36mray::ClientAppActor.run()[39m (pid=28684, ip=10.100.14.161, actor_id=96c519a4952359e6bc5465ff01000000, repr=<flwr.simulation.ray_transport.ray_actor.ClientAppActor object at 0x7efe90559010>)
  File "/home/mamatha/anaconda3/lib/python3.13/site-packages/flwr/client/client_app.py", line 144, in __call__
    return self._call(message, context)
           ~~~~~~~~~~^^^^^^^^^^^^^^^^^^
  File "/home/mamatha/anaconda3/lib/python3.13/site-packages/flwr/client/client_app.py", line 128, in ffn
    out_message = handle_legacy_message_from_msgtype(
        client_fn=client_fn, message=message, context=context
    )
  File "/home/mamatha/anaconda3/lib/python3.13/site-packages/flwr/client/message_handler/message_handler.py", line 128, in handle_legacy_message_from_msgtype
    fit_res = maybe_call_fit(
        client=client,
        fit_ins=recorddict_to_fitins(message.content, keep_input=True),
    )
  File "/home/mamatha/anaconda3/lib/python3.13/site-packages/flwr/client/client.py", line 224, in maybe_call_fit
    return client.fit(fit_ins)
           ~~~~~~~~~~^^^^^^^^^
  File "/home/mamatha/anaconda3/lib/python3.13/site-packages/flwr/client/numpy_client.py", line 227, in _fit
    results = self.numpy_client.fit(parameters, ins.config)  # type: ignore
  File "/home/mamatha/ME/Research/Hands-On/flower_tutorial/client.py", line 48, in fit
    optim = torch.optim.SGD(self.model.parameters, lr=lr, momentum=momentum)
  File "/home/mamatha/anaconda3/lib/python3.13/site-packages/torch/optim/sgd.py", line 65, in __init__
    super().__init__(params, defaults)
    ~~~~~~~~~~~~~~~~^^^^^^^^^^^^^^^^^^
  File "/home/mamatha/anaconda3/lib/python3.13/site-packages/torch/optim/optimizer.py", line 393, in __init__
    param_groups = list(params)
TypeError: 'method' object is not iterable

The above exception was the direct cause of the following exception:

[36mray::ClientAppActor.run()[39m (pid=28684, ip=10.100.14.161, actor_id=96c519a4952359e6bc5465ff01000000, repr=<flwr.simulation.ray_transport.ray_actor.ClientAppActor object at 0x7efe90559010>)
  File "/home/mamatha/anaconda3/lib/python3.13/site-packages/flwr/simulation/ray_transport/ray_actor.py", line 64, in run
    raise ClientAppException(str(ex)) from ex
flwr.client.client_app.ClientAppException: 
Exception ClientAppException occurred. Message: 'method' object is not iterable

[2025-10-15 15:16:21,440][flwr][ERROR] - [36mray::ClientAppActor.run()[39m (pid=28684, ip=10.100.14.161, actor_id=96c519a4952359e6bc5465ff01000000, repr=<flwr.simulation.ray_transport.ray_actor.ClientAppActor object at 0x7efe90559010>)
  File "/home/mamatha/anaconda3/lib/python3.13/site-packages/flwr/client/client_app.py", line 144, in __call__
    return self._call(message, context)
           ~~~~~~~~~~^^^^^^^^^^^^^^^^^^
  File "/home/mamatha/anaconda3/lib/python3.13/site-packages/flwr/client/client_app.py", line 128, in ffn
    out_message = handle_legacy_message_from_msgtype(
        client_fn=client_fn, message=message, context=context
    )
  File "/home/mamatha/anaconda3/lib/python3.13/site-packages/flwr/client/message_handler/message_handler.py", line 128, in handle_legacy_message_from_msgtype
    fit_res = maybe_call_fit(
        client=client,
        fit_ins=recorddict_to_fitins(message.content, keep_input=True),
    )
  File "/home/mamatha/anaconda3/lib/python3.13/site-packages/flwr/client/client.py", line 224, in maybe_call_fit
    return client.fit(fit_ins)
           ~~~~~~~~~~^^^^^^^^^
  File "/home/mamatha/anaconda3/lib/python3.13/site-packages/flwr/client/numpy_client.py", line 227, in _fit
    results = self.numpy_client.fit(parameters, ins.config)  # type: ignore
  File "/home/mamatha/ME/Research/Hands-On/flower_tutorial/client.py", line 48, in fit
    optim = torch.optim.SGD(self.model.parameters, lr=lr, momentum=momentum)
  File "/home/mamatha/anaconda3/lib/python3.13/site-packages/torch/optim/sgd.py", line 65, in __init__
    super().__init__(params, defaults)
    ~~~~~~~~~~~~~~~~^^^^^^^^^^^^^^^^^^
  File "/home/mamatha/anaconda3/lib/python3.13/site-packages/torch/optim/optimizer.py", line 393, in __init__
    param_groups = list(params)
TypeError: 'method' object is not iterable

The above exception was the direct cause of the following exception:

[36mray::ClientAppActor.run()[39m (pid=28684, ip=10.100.14.161, actor_id=96c519a4952359e6bc5465ff01000000, repr=<flwr.simulation.ray_transport.ray_actor.ClientAppActor object at 0x7efe90559010>)
  File "/home/mamatha/anaconda3/lib/python3.13/site-packages/flwr/simulation/ray_transport/ray_actor.py", line 64, in run
    raise ClientAppException(str(ex)) from ex
flwr.client.client_app.ClientAppException: 
Exception ClientAppException occurred. Message: 'method' object is not iterable
[2025-10-15 15:16:22,356][flwr][ERROR] - Traceback (most recent call last):
  File "/home/mamatha/anaconda3/lib/python3.13/site-packages/flwr/simulation/ray_transport/ray_client_proxy.py", line 95, in _submit_job
    out_mssg, updated_context = self.actor_pool.get_client_result(
                                ~~~~~~~~~~~~~~~~~~~~~~~~~~~~~~~~~^
        partition_id_str, timeout
        ^^^^^^^^^^^^^^^^^^^^^^^^^
    )
    ^
  File "/home/mamatha/anaconda3/lib/python3.13/site-packages/flwr/simulation/ray_transport/ray_actor.py", line 401, in get_client_result
    return self._fetch_future_result(cid)
           ~~~~~~~~~~~~~~~~~~~~~~~~~^^^^^
  File "/home/mamatha/anaconda3/lib/python3.13/site-packages/flwr/simulation/ray_transport/ray_actor.py", line 282, in _fetch_future_result
    res_cid, out_mssg, updated_context = ray.get(
                                         ~~~~~~~^
        future
        ^^^^^^
    )  # type: (str, Message, Context)
    ^
  File "/home/mamatha/anaconda3/lib/python3.13/site-packages/ray/_private/auto_init_hook.py", line 22, in auto_init_wrapper
    return fn(*args, **kwargs)
  File "/home/mamatha/anaconda3/lib/python3.13/site-packages/ray/_private/client_mode_hook.py", line 104, in wrapper
    return func(*args, **kwargs)
  File "/home/mamatha/anaconda3/lib/python3.13/site-packages/ray/_private/worker.py", line 2962, in get
    values, debugger_breakpoint = worker.get_objects(
                                  ~~~~~~~~~~~~~~~~~~^
        object_refs, timeout=timeout, _tensor_transport=_tensor_transport
        ^^^^^^^^^^^^^^^^^^^^^^^^^^^^^^^^^^^^^^^^^^^^^^^^^^^^^^^^^^^^^^^^^
    )
    ^
  File "/home/mamatha/anaconda3/lib/python3.13/site-packages/ray/_private/worker.py", line 1026, in get_objects
    raise value.as_instanceof_cause()
ray.exceptions.RayTaskError(ClientAppException): [36mray::ClientAppActor.run()[39m (pid=28677, ip=10.100.14.161, actor_id=bd24643fdb144ae6e6bf7b1f01000000, repr=<flwr.simulation.ray_transport.ray_actor.ClientAppActor object at 0x7fa430745010>)
  File "/home/mamatha/anaconda3/lib/python3.13/site-packages/flwr/client/client_app.py", line 144, in __call__
    return self._call(message, context)
           ~~~~~~~~~~^^^^^^^^^^^^^^^^^^
  File "/home/mamatha/anaconda3/lib/python3.13/site-packages/flwr/client/client_app.py", line 128, in ffn
    out_message = handle_legacy_message_from_msgtype(
        client_fn=client_fn, message=message, context=context
    )
  File "/home/mamatha/anaconda3/lib/python3.13/site-packages/flwr/client/message_handler/message_handler.py", line 128, in handle_legacy_message_from_msgtype
    fit_res = maybe_call_fit(
        client=client,
        fit_ins=recorddict_to_fitins(message.content, keep_input=True),
    )
  File "/home/mamatha/anaconda3/lib/python3.13/site-packages/flwr/client/client.py", line 224, in maybe_call_fit
    return client.fit(fit_ins)
           ~~~~~~~~~~^^^^^^^^^
  File "/home/mamatha/anaconda3/lib/python3.13/site-packages/flwr/client/numpy_client.py", line 227, in _fit
    results = self.numpy_client.fit(parameters, ins.config)  # type: ignore
  File "/home/mamatha/ME/Research/Hands-On/flower_tutorial/client.py", line 48, in fit
    optim = torch.optim.SGD(self.model.parameters, lr=lr, momentum=momentum)
  File "/home/mamatha/anaconda3/lib/python3.13/site-packages/torch/optim/sgd.py", line 65, in __init__
    super().__init__(params, defaults)
    ~~~~~~~~~~~~~~~~^^^^^^^^^^^^^^^^^^
  File "/home/mamatha/anaconda3/lib/python3.13/site-packages/torch/optim/optimizer.py", line 393, in __init__
    param_groups = list(params)
TypeError: 'method' object is not iterable

The above exception was the direct cause of the following exception:

[36mray::ClientAppActor.run()[39m (pid=28677, ip=10.100.14.161, actor_id=bd24643fdb144ae6e6bf7b1f01000000, repr=<flwr.simulation.ray_transport.ray_actor.ClientAppActor object at 0x7fa430745010>)
  File "/home/mamatha/anaconda3/lib/python3.13/site-packages/flwr/simulation/ray_transport/ray_actor.py", line 64, in run
    raise ClientAppException(str(ex)) from ex
flwr.client.client_app.ClientAppException: 
Exception ClientAppException occurred. Message: 'method' object is not iterable

[2025-10-15 15:16:22,356][flwr][ERROR] - [36mray::ClientAppActor.run()[39m (pid=28677, ip=10.100.14.161, actor_id=bd24643fdb144ae6e6bf7b1f01000000, repr=<flwr.simulation.ray_transport.ray_actor.ClientAppActor object at 0x7fa430745010>)
  File "/home/mamatha/anaconda3/lib/python3.13/site-packages/flwr/client/client_app.py", line 144, in __call__
    return self._call(message, context)
           ~~~~~~~~~~^^^^^^^^^^^^^^^^^^
  File "/home/mamatha/anaconda3/lib/python3.13/site-packages/flwr/client/client_app.py", line 128, in ffn
    out_message = handle_legacy_message_from_msgtype(
        client_fn=client_fn, message=message, context=context
    )
  File "/home/mamatha/anaconda3/lib/python3.13/site-packages/flwr/client/message_handler/message_handler.py", line 128, in handle_legacy_message_from_msgtype
    fit_res = maybe_call_fit(
        client=client,
        fit_ins=recorddict_to_fitins(message.content, keep_input=True),
    )
  File "/home/mamatha/anaconda3/lib/python3.13/site-packages/flwr/client/client.py", line 224, in maybe_call_fit
    return client.fit(fit_ins)
           ~~~~~~~~~~^^^^^^^^^
  File "/home/mamatha/anaconda3/lib/python3.13/site-packages/flwr/client/numpy_client.py", line 227, in _fit
    results = self.numpy_client.fit(parameters, ins.config)  # type: ignore
  File "/home/mamatha/ME/Research/Hands-On/flower_tutorial/client.py", line 48, in fit
    optim = torch.optim.SGD(self.model.parameters, lr=lr, momentum=momentum)
  File "/home/mamatha/anaconda3/lib/python3.13/site-packages/torch/optim/sgd.py", line 65, in __init__
    super().__init__(params, defaults)
    ~~~~~~~~~~~~~~~~^^^^^^^^^^^^^^^^^^
  File "/home/mamatha/anaconda3/lib/python3.13/site-packages/torch/optim/optimizer.py", line 393, in __init__
    param_groups = list(params)
TypeError: 'method' object is not iterable

The above exception was the direct cause of the following exception:

[36mray::ClientAppActor.run()[39m (pid=28677, ip=10.100.14.161, actor_id=bd24643fdb144ae6e6bf7b1f01000000, repr=<flwr.simulation.ray_transport.ray_actor.ClientAppActor object at 0x7fa430745010>)
  File "/home/mamatha/anaconda3/lib/python3.13/site-packages/flwr/simulation/ray_transport/ray_actor.py", line 64, in run
    raise ClientAppException(str(ex)) from ex
flwr.client.client_app.ClientAppException: 
Exception ClientAppException occurred. Message: 'method' object is not iterable
[2025-10-15 15:16:22,423][flwr][ERROR] - Traceback (most recent call last):
  File "/home/mamatha/anaconda3/lib/python3.13/site-packages/flwr/simulation/ray_transport/ray_client_proxy.py", line 95, in _submit_job
    out_mssg, updated_context = self.actor_pool.get_client_result(
                                ~~~~~~~~~~~~~~~~~~~~~~~~~~~~~~~~~^
        partition_id_str, timeout
        ^^^^^^^^^^^^^^^^^^^^^^^^^
    )
    ^
  File "/home/mamatha/anaconda3/lib/python3.13/site-packages/flwr/simulation/ray_transport/ray_actor.py", line 401, in get_client_result
    return self._fetch_future_result(cid)
           ~~~~~~~~~~~~~~~~~~~~~~~~~^^^^^
  File "/home/mamatha/anaconda3/lib/python3.13/site-packages/flwr/simulation/ray_transport/ray_actor.py", line 282, in _fetch_future_result
    res_cid, out_mssg, updated_context = ray.get(
                                         ~~~~~~~^
        future
        ^^^^^^
    )  # type: (str, Message, Context)
    ^
  File "/home/mamatha/anaconda3/lib/python3.13/site-packages/ray/_private/auto_init_hook.py", line 22, in auto_init_wrapper
    return fn(*args, **kwargs)
  File "/home/mamatha/anaconda3/lib/python3.13/site-packages/ray/_private/client_mode_hook.py", line 104, in wrapper
    return func(*args, **kwargs)
  File "/home/mamatha/anaconda3/lib/python3.13/site-packages/ray/_private/worker.py", line 2962, in get
    values, debugger_breakpoint = worker.get_objects(
                                  ~~~~~~~~~~~~~~~~~~^
        object_refs, timeout=timeout, _tensor_transport=_tensor_transport
        ^^^^^^^^^^^^^^^^^^^^^^^^^^^^^^^^^^^^^^^^^^^^^^^^^^^^^^^^^^^^^^^^^
    )
    ^
  File "/home/mamatha/anaconda3/lib/python3.13/site-packages/ray/_private/worker.py", line 1026, in get_objects
    raise value.as_instanceof_cause()
ray.exceptions.RayTaskError(ClientAppException): [36mray::ClientAppActor.run()[39m (pid=28681, ip=10.100.14.161, actor_id=97fb20e6c4e220f347a98d6301000000, repr=<flwr.simulation.ray_transport.ray_actor.ClientAppActor object at 0x7fad0c5bd010>)
  File "/home/mamatha/anaconda3/lib/python3.13/site-packages/flwr/client/client_app.py", line 144, in __call__
    return self._call(message, context)
           ~~~~~~~~~~^^^^^^^^^^^^^^^^^^
  File "/home/mamatha/anaconda3/lib/python3.13/site-packages/flwr/client/client_app.py", line 128, in ffn
    out_message = handle_legacy_message_from_msgtype(
        client_fn=client_fn, message=message, context=context
    )
  File "/home/mamatha/anaconda3/lib/python3.13/site-packages/flwr/client/message_handler/message_handler.py", line 128, in handle_legacy_message_from_msgtype
    fit_res = maybe_call_fit(
        client=client,
        fit_ins=recorddict_to_fitins(message.content, keep_input=True),
    )
  File "/home/mamatha/anaconda3/lib/python3.13/site-packages/flwr/client/client.py", line 224, in maybe_call_fit
    return client.fit(fit_ins)
           ~~~~~~~~~~^^^^^^^^^
  File "/home/mamatha/anaconda3/lib/python3.13/site-packages/flwr/client/numpy_client.py", line 227, in _fit
    results = self.numpy_client.fit(parameters, ins.config)  # type: ignore
  File "/home/mamatha/ME/Research/Hands-On/flower_tutorial/client.py", line 48, in fit
    optim = torch.optim.SGD(self.model.parameters, lr=lr, momentum=momentum)
  File "/home/mamatha/anaconda3/lib/python3.13/site-packages/torch/optim/sgd.py", line 65, in __init__
    super().__init__(params, defaults)
    ~~~~~~~~~~~~~~~~^^^^^^^^^^^^^^^^^^
  File "/home/mamatha/anaconda3/lib/python3.13/site-packages/torch/optim/optimizer.py", line 393, in __init__
    param_groups = list(params)
TypeError: 'method' object is not iterable

The above exception was the direct cause of the following exception:

[36mray::ClientAppActor.run()[39m (pid=28681, ip=10.100.14.161, actor_id=97fb20e6c4e220f347a98d6301000000, repr=<flwr.simulation.ray_transport.ray_actor.ClientAppActor object at 0x7fad0c5bd010>)
  File "/home/mamatha/anaconda3/lib/python3.13/site-packages/flwr/simulation/ray_transport/ray_actor.py", line 64, in run
    raise ClientAppException(str(ex)) from ex
flwr.client.client_app.ClientAppException: 
Exception ClientAppException occurred. Message: 'method' object is not iterable

[2025-10-15 15:16:22,423][flwr][ERROR] - [36mray::ClientAppActor.run()[39m (pid=28681, ip=10.100.14.161, actor_id=97fb20e6c4e220f347a98d6301000000, repr=<flwr.simulation.ray_transport.ray_actor.ClientAppActor object at 0x7fad0c5bd010>)
  File "/home/mamatha/anaconda3/lib/python3.13/site-packages/flwr/client/client_app.py", line 144, in __call__
    return self._call(message, context)
           ~~~~~~~~~~^^^^^^^^^^^^^^^^^^
  File "/home/mamatha/anaconda3/lib/python3.13/site-packages/flwr/client/client_app.py", line 128, in ffn
    out_message = handle_legacy_message_from_msgtype(
        client_fn=client_fn, message=message, context=context
    )
  File "/home/mamatha/anaconda3/lib/python3.13/site-packages/flwr/client/message_handler/message_handler.py", line 128, in handle_legacy_message_from_msgtype
    fit_res = maybe_call_fit(
        client=client,
        fit_ins=recorddict_to_fitins(message.content, keep_input=True),
    )
  File "/home/mamatha/anaconda3/lib/python3.13/site-packages/flwr/client/client.py", line 224, in maybe_call_fit
    return client.fit(fit_ins)
           ~~~~~~~~~~^^^^^^^^^
  File "/home/mamatha/anaconda3/lib/python3.13/site-packages/flwr/client/numpy_client.py", line 227, in _fit
    results = self.numpy_client.fit(parameters, ins.config)  # type: ignore
  File "/home/mamatha/ME/Research/Hands-On/flower_tutorial/client.py", line 48, in fit
    optim = torch.optim.SGD(self.model.parameters, lr=lr, momentum=momentum)
  File "/home/mamatha/anaconda3/lib/python3.13/site-packages/torch/optim/sgd.py", line 65, in __init__
    super().__init__(params, defaults)
    ~~~~~~~~~~~~~~~~^^^^^^^^^^^^^^^^^^
  File "/home/mamatha/anaconda3/lib/python3.13/site-packages/torch/optim/optimizer.py", line 393, in __init__
    param_groups = list(params)
TypeError: 'method' object is not iterable

The above exception was the direct cause of the following exception:

[36mray::ClientAppActor.run()[39m (pid=28681, ip=10.100.14.161, actor_id=97fb20e6c4e220f347a98d6301000000, repr=<flwr.simulation.ray_transport.ray_actor.ClientAppActor object at 0x7fad0c5bd010>)
  File "/home/mamatha/anaconda3/lib/python3.13/site-packages/flwr/simulation/ray_transport/ray_actor.py", line 64, in run
    raise ClientAppException(str(ex)) from ex
flwr.client.client_app.ClientAppException: 
Exception ClientAppException occurred. Message: 'method' object is not iterable
[2025-10-15 15:16:22,473][flwr][ERROR] - Traceback (most recent call last):
  File "/home/mamatha/anaconda3/lib/python3.13/site-packages/flwr/simulation/ray_transport/ray_client_proxy.py", line 95, in _submit_job
    out_mssg, updated_context = self.actor_pool.get_client_result(
                                ~~~~~~~~~~~~~~~~~~~~~~~~~~~~~~~~~^
        partition_id_str, timeout
        ^^^^^^^^^^^^^^^^^^^^^^^^^
    )
    ^
  File "/home/mamatha/anaconda3/lib/python3.13/site-packages/flwr/simulation/ray_transport/ray_actor.py", line 401, in get_client_result
    return self._fetch_future_result(cid)
           ~~~~~~~~~~~~~~~~~~~~~~~~~^^^^^
  File "/home/mamatha/anaconda3/lib/python3.13/site-packages/flwr/simulation/ray_transport/ray_actor.py", line 282, in _fetch_future_result
    res_cid, out_mssg, updated_context = ray.get(
                                         ~~~~~~~^
        future
        ^^^^^^
    )  # type: (str, Message, Context)
    ^
  File "/home/mamatha/anaconda3/lib/python3.13/site-packages/ray/_private/auto_init_hook.py", line 22, in auto_init_wrapper
    return fn(*args, **kwargs)
  File "/home/mamatha/anaconda3/lib/python3.13/site-packages/ray/_private/client_mode_hook.py", line 104, in wrapper
    return func(*args, **kwargs)
  File "/home/mamatha/anaconda3/lib/python3.13/site-packages/ray/_private/worker.py", line 2962, in get
    values, debugger_breakpoint = worker.get_objects(
                                  ~~~~~~~~~~~~~~~~~~^
        object_refs, timeout=timeout, _tensor_transport=_tensor_transport
        ^^^^^^^^^^^^^^^^^^^^^^^^^^^^^^^^^^^^^^^^^^^^^^^^^^^^^^^^^^^^^^^^^
    )
    ^
  File "/home/mamatha/anaconda3/lib/python3.13/site-packages/ray/_private/worker.py", line 1026, in get_objects
    raise value.as_instanceof_cause()
ray.exceptions.RayTaskError(ClientAppException): [36mray::ClientAppActor.run()[39m (pid=28675, ip=10.100.14.161, actor_id=c484210d9ed8e282c3c207cd01000000, repr=<flwr.simulation.ray_transport.ray_actor.ClientAppActor object at 0x7faad0221010>)
  File "/home/mamatha/anaconda3/lib/python3.13/site-packages/flwr/client/client_app.py", line 144, in __call__
    return self._call(message, context)
           ~~~~~~~~~~^^^^^^^^^^^^^^^^^^
  File "/home/mamatha/anaconda3/lib/python3.13/site-packages/flwr/client/client_app.py", line 128, in ffn
    out_message = handle_legacy_message_from_msgtype(
        client_fn=client_fn, message=message, context=context
    )
  File "/home/mamatha/anaconda3/lib/python3.13/site-packages/flwr/client/message_handler/message_handler.py", line 128, in handle_legacy_message_from_msgtype
    fit_res = maybe_call_fit(
        client=client,
        fit_ins=recorddict_to_fitins(message.content, keep_input=True),
    )
  File "/home/mamatha/anaconda3/lib/python3.13/site-packages/flwr/client/client.py", line 224, in maybe_call_fit
    return client.fit(fit_ins)
           ~~~~~~~~~~^^^^^^^^^
  File "/home/mamatha/anaconda3/lib/python3.13/site-packages/flwr/client/numpy_client.py", line 227, in _fit
    results = self.numpy_client.fit(parameters, ins.config)  # type: ignore
  File "/home/mamatha/ME/Research/Hands-On/flower_tutorial/client.py", line 48, in fit
    optim = torch.optim.SGD(self.model.parameters, lr=lr, momentum=momentum)
  File "/home/mamatha/anaconda3/lib/python3.13/site-packages/torch/optim/sgd.py", line 65, in __init__
    super().__init__(params, defaults)
    ~~~~~~~~~~~~~~~~^^^^^^^^^^^^^^^^^^
  File "/home/mamatha/anaconda3/lib/python3.13/site-packages/torch/optim/optimizer.py", line 393, in __init__
    param_groups = list(params)
TypeError: 'method' object is not iterable

The above exception was the direct cause of the following exception:

[36mray::ClientAppActor.run()[39m (pid=28675, ip=10.100.14.161, actor_id=c484210d9ed8e282c3c207cd01000000, repr=<flwr.simulation.ray_transport.ray_actor.ClientAppActor object at 0x7faad0221010>)
  File "/home/mamatha/anaconda3/lib/python3.13/site-packages/flwr/simulation/ray_transport/ray_actor.py", line 64, in run
    raise ClientAppException(str(ex)) from ex
flwr.client.client_app.ClientAppException: 
Exception ClientAppException occurred. Message: 'method' object is not iterable

[2025-10-15 15:16:22,474][flwr][ERROR] - [36mray::ClientAppActor.run()[39m (pid=28675, ip=10.100.14.161, actor_id=c484210d9ed8e282c3c207cd01000000, repr=<flwr.simulation.ray_transport.ray_actor.ClientAppActor object at 0x7faad0221010>)
  File "/home/mamatha/anaconda3/lib/python3.13/site-packages/flwr/client/client_app.py", line 144, in __call__
    return self._call(message, context)
           ~~~~~~~~~~^^^^^^^^^^^^^^^^^^
  File "/home/mamatha/anaconda3/lib/python3.13/site-packages/flwr/client/client_app.py", line 128, in ffn
    out_message = handle_legacy_message_from_msgtype(
        client_fn=client_fn, message=message, context=context
    )
  File "/home/mamatha/anaconda3/lib/python3.13/site-packages/flwr/client/message_handler/message_handler.py", line 128, in handle_legacy_message_from_msgtype
    fit_res = maybe_call_fit(
        client=client,
        fit_ins=recorddict_to_fitins(message.content, keep_input=True),
    )
  File "/home/mamatha/anaconda3/lib/python3.13/site-packages/flwr/client/client.py", line 224, in maybe_call_fit
    return client.fit(fit_ins)
           ~~~~~~~~~~^^^^^^^^^
  File "/home/mamatha/anaconda3/lib/python3.13/site-packages/flwr/client/numpy_client.py", line 227, in _fit
    results = self.numpy_client.fit(parameters, ins.config)  # type: ignore
  File "/home/mamatha/ME/Research/Hands-On/flower_tutorial/client.py", line 48, in fit
    optim = torch.optim.SGD(self.model.parameters, lr=lr, momentum=momentum)
  File "/home/mamatha/anaconda3/lib/python3.13/site-packages/torch/optim/sgd.py", line 65, in __init__
    super().__init__(params, defaults)
    ~~~~~~~~~~~~~~~~^^^^^^^^^^^^^^^^^^
  File "/home/mamatha/anaconda3/lib/python3.13/site-packages/torch/optim/optimizer.py", line 393, in __init__
    param_groups = list(params)
TypeError: 'method' object is not iterable

The above exception was the direct cause of the following exception:

[36mray::ClientAppActor.run()[39m (pid=28675, ip=10.100.14.161, actor_id=c484210d9ed8e282c3c207cd01000000, repr=<flwr.simulation.ray_transport.ray_actor.ClientAppActor object at 0x7faad0221010>)
  File "/home/mamatha/anaconda3/lib/python3.13/site-packages/flwr/simulation/ray_transport/ray_actor.py", line 64, in run
    raise ClientAppException(str(ex)) from ex
flwr.client.client_app.ClientAppException: 
Exception ClientAppException occurred. Message: 'method' object is not iterable
[2025-10-15 15:16:22,582][flwr][ERROR] - Traceback (most recent call last):
  File "/home/mamatha/anaconda3/lib/python3.13/site-packages/flwr/simulation/ray_transport/ray_client_proxy.py", line 95, in _submit_job
    out_mssg, updated_context = self.actor_pool.get_client_result(
                                ~~~~~~~~~~~~~~~~~~~~~~~~~~~~~~~~~^
        partition_id_str, timeout
        ^^^^^^^^^^^^^^^^^^^^^^^^^
    )
    ^
  File "/home/mamatha/anaconda3/lib/python3.13/site-packages/flwr/simulation/ray_transport/ray_actor.py", line 401, in get_client_result
    return self._fetch_future_result(cid)
           ~~~~~~~~~~~~~~~~~~~~~~~~~^^^^^
  File "/home/mamatha/anaconda3/lib/python3.13/site-packages/flwr/simulation/ray_transport/ray_actor.py", line 282, in _fetch_future_result
    res_cid, out_mssg, updated_context = ray.get(
                                         ~~~~~~~^
        future
        ^^^^^^
    )  # type: (str, Message, Context)
    ^
  File "/home/mamatha/anaconda3/lib/python3.13/site-packages/ray/_private/auto_init_hook.py", line 22, in auto_init_wrapper
    return fn(*args, **kwargs)
  File "/home/mamatha/anaconda3/lib/python3.13/site-packages/ray/_private/client_mode_hook.py", line 104, in wrapper
    return func(*args, **kwargs)
  File "/home/mamatha/anaconda3/lib/python3.13/site-packages/ray/_private/worker.py", line 2962, in get
    values, debugger_breakpoint = worker.get_objects(
                                  ~~~~~~~~~~~~~~~~~~^
        object_refs, timeout=timeout, _tensor_transport=_tensor_transport
        ^^^^^^^^^^^^^^^^^^^^^^^^^^^^^^^^^^^^^^^^^^^^^^^^^^^^^^^^^^^^^^^^^
    )
    ^
  File "/home/mamatha/anaconda3/lib/python3.13/site-packages/ray/_private/worker.py", line 1026, in get_objects
    raise value.as_instanceof_cause()
ray.exceptions.RayTaskError(ClientAppException): [36mray::ClientAppActor.run()[39m (pid=28683, ip=10.100.14.161, actor_id=0e964f3854a04814cf165d8a01000000, repr=<flwr.simulation.ray_transport.ray_actor.ClientAppActor object at 0x7f73f4229010>)
  File "/home/mamatha/anaconda3/lib/python3.13/site-packages/flwr/client/client_app.py", line 144, in __call__
    return self._call(message, context)
           ~~~~~~~~~~^^^^^^^^^^^^^^^^^^
  File "/home/mamatha/anaconda3/lib/python3.13/site-packages/flwr/client/client_app.py", line 128, in ffn
    out_message = handle_legacy_message_from_msgtype(
        client_fn=client_fn, message=message, context=context
    )
  File "/home/mamatha/anaconda3/lib/python3.13/site-packages/flwr/client/message_handler/message_handler.py", line 128, in handle_legacy_message_from_msgtype
    fit_res = maybe_call_fit(
        client=client,
        fit_ins=recorddict_to_fitins(message.content, keep_input=True),
    )
  File "/home/mamatha/anaconda3/lib/python3.13/site-packages/flwr/client/client.py", line 224, in maybe_call_fit
    return client.fit(fit_ins)
           ~~~~~~~~~~^^^^^^^^^
  File "/home/mamatha/anaconda3/lib/python3.13/site-packages/flwr/client/numpy_client.py", line 227, in _fit
    results = self.numpy_client.fit(parameters, ins.config)  # type: ignore
  File "/home/mamatha/ME/Research/Hands-On/flower_tutorial/client.py", line 48, in fit
    optim = torch.optim.SGD(self.model.parameters, lr=lr, momentum=momentum)
  File "/home/mamatha/anaconda3/lib/python3.13/site-packages/torch/optim/sgd.py", line 65, in __init__
    super().__init__(params, defaults)
    ~~~~~~~~~~~~~~~~^^^^^^^^^^^^^^^^^^
  File "/home/mamatha/anaconda3/lib/python3.13/site-packages/torch/optim/optimizer.py", line 393, in __init__
    param_groups = list(params)
TypeError: 'method' object is not iterable

The above exception was the direct cause of the following exception:

[36mray::ClientAppActor.run()[39m (pid=28683, ip=10.100.14.161, actor_id=0e964f3854a04814cf165d8a01000000, repr=<flwr.simulation.ray_transport.ray_actor.ClientAppActor object at 0x7f73f4229010>)
  File "/home/mamatha/anaconda3/lib/python3.13/site-packages/flwr/simulation/ray_transport/ray_actor.py", line 64, in run
    raise ClientAppException(str(ex)) from ex
flwr.client.client_app.ClientAppException: 
Exception ClientAppException occurred. Message: 'method' object is not iterable

[2025-10-15 15:16:22,582][flwr][ERROR] - [36mray::ClientAppActor.run()[39m (pid=28683, ip=10.100.14.161, actor_id=0e964f3854a04814cf165d8a01000000, repr=<flwr.simulation.ray_transport.ray_actor.ClientAppActor object at 0x7f73f4229010>)
  File "/home/mamatha/anaconda3/lib/python3.13/site-packages/flwr/client/client_app.py", line 144, in __call__
    return self._call(message, context)
           ~~~~~~~~~~^^^^^^^^^^^^^^^^^^
  File "/home/mamatha/anaconda3/lib/python3.13/site-packages/flwr/client/client_app.py", line 128, in ffn
    out_message = handle_legacy_message_from_msgtype(
        client_fn=client_fn, message=message, context=context
    )
  File "/home/mamatha/anaconda3/lib/python3.13/site-packages/flwr/client/message_handler/message_handler.py", line 128, in handle_legacy_message_from_msgtype
    fit_res = maybe_call_fit(
        client=client,
        fit_ins=recorddict_to_fitins(message.content, keep_input=True),
    )
  File "/home/mamatha/anaconda3/lib/python3.13/site-packages/flwr/client/client.py", line 224, in maybe_call_fit
    return client.fit(fit_ins)
           ~~~~~~~~~~^^^^^^^^^
  File "/home/mamatha/anaconda3/lib/python3.13/site-packages/flwr/client/numpy_client.py", line 227, in _fit
    results = self.numpy_client.fit(parameters, ins.config)  # type: ignore
  File "/home/mamatha/ME/Research/Hands-On/flower_tutorial/client.py", line 48, in fit
    optim = torch.optim.SGD(self.model.parameters, lr=lr, momentum=momentum)
  File "/home/mamatha/anaconda3/lib/python3.13/site-packages/torch/optim/sgd.py", line 65, in __init__
    super().__init__(params, defaults)
    ~~~~~~~~~~~~~~~~^^^^^^^^^^^^^^^^^^
  File "/home/mamatha/anaconda3/lib/python3.13/site-packages/torch/optim/optimizer.py", line 393, in __init__
    param_groups = list(params)
TypeError: 'method' object is not iterable

The above exception was the direct cause of the following exception:

[36mray::ClientAppActor.run()[39m (pid=28683, ip=10.100.14.161, actor_id=0e964f3854a04814cf165d8a01000000, repr=<flwr.simulation.ray_transport.ray_actor.ClientAppActor object at 0x7f73f4229010>)
  File "/home/mamatha/anaconda3/lib/python3.13/site-packages/flwr/simulation/ray_transport/ray_actor.py", line 64, in run
    raise ClientAppException(str(ex)) from ex
flwr.client.client_app.ClientAppException: 
Exception ClientAppException occurred. Message: 'method' object is not iterable
[2025-10-15 15:16:22,634][flwr][ERROR] - Traceback (most recent call last):
  File "/home/mamatha/anaconda3/lib/python3.13/site-packages/flwr/simulation/ray_transport/ray_client_proxy.py", line 95, in _submit_job
    out_mssg, updated_context = self.actor_pool.get_client_result(
                                ~~~~~~~~~~~~~~~~~~~~~~~~~~~~~~~~~^
        partition_id_str, timeout
        ^^^^^^^^^^^^^^^^^^^^^^^^^
    )
    ^
  File "/home/mamatha/anaconda3/lib/python3.13/site-packages/flwr/simulation/ray_transport/ray_actor.py", line 401, in get_client_result
    return self._fetch_future_result(cid)
           ~~~~~~~~~~~~~~~~~~~~~~~~~^^^^^
  File "/home/mamatha/anaconda3/lib/python3.13/site-packages/flwr/simulation/ray_transport/ray_actor.py", line 282, in _fetch_future_result
    res_cid, out_mssg, updated_context = ray.get(
                                         ~~~~~~~^
        future
        ^^^^^^
    )  # type: (str, Message, Context)
    ^
  File "/home/mamatha/anaconda3/lib/python3.13/site-packages/ray/_private/auto_init_hook.py", line 22, in auto_init_wrapper
    return fn(*args, **kwargs)
  File "/home/mamatha/anaconda3/lib/python3.13/site-packages/ray/_private/client_mode_hook.py", line 104, in wrapper
    return func(*args, **kwargs)
  File "/home/mamatha/anaconda3/lib/python3.13/site-packages/ray/_private/worker.py", line 2962, in get
    values, debugger_breakpoint = worker.get_objects(
                                  ~~~~~~~~~~~~~~~~~~^
        object_refs, timeout=timeout, _tensor_transport=_tensor_transport
        ^^^^^^^^^^^^^^^^^^^^^^^^^^^^^^^^^^^^^^^^^^^^^^^^^^^^^^^^^^^^^^^^^
    )
    ^
  File "/home/mamatha/anaconda3/lib/python3.13/site-packages/ray/_private/worker.py", line 1026, in get_objects
    raise value.as_instanceof_cause()
ray.exceptions.RayTaskError(ClientAppException): [36mray::ClientAppActor.run()[39m (pid=28686, ip=10.100.14.161, actor_id=8eba501f2401d446b6d920d001000000, repr=<flwr.simulation.ray_transport.ray_actor.ClientAppActor object at 0x7f6e542b9010>)
  File "/home/mamatha/anaconda3/lib/python3.13/site-packages/flwr/client/client_app.py", line 144, in __call__
    return self._call(message, context)
           ~~~~~~~~~~^^^^^^^^^^^^^^^^^^
  File "/home/mamatha/anaconda3/lib/python3.13/site-packages/flwr/client/client_app.py", line 128, in ffn
    out_message = handle_legacy_message_from_msgtype(
        client_fn=client_fn, message=message, context=context
    )
  File "/home/mamatha/anaconda3/lib/python3.13/site-packages/flwr/client/message_handler/message_handler.py", line 128, in handle_legacy_message_from_msgtype
    fit_res = maybe_call_fit(
        client=client,
        fit_ins=recorddict_to_fitins(message.content, keep_input=True),
    )
  File "/home/mamatha/anaconda3/lib/python3.13/site-packages/flwr/client/client.py", line 224, in maybe_call_fit
    return client.fit(fit_ins)
           ~~~~~~~~~~^^^^^^^^^
  File "/home/mamatha/anaconda3/lib/python3.13/site-packages/flwr/client/numpy_client.py", line 227, in _fit
    results = self.numpy_client.fit(parameters, ins.config)  # type: ignore
  File "/home/mamatha/ME/Research/Hands-On/flower_tutorial/client.py", line 48, in fit
    optim = torch.optim.SGD(self.model.parameters, lr=lr, momentum=momentum)
  File "/home/mamatha/anaconda3/lib/python3.13/site-packages/torch/optim/sgd.py", line 65, in __init__
    super().__init__(params, defaults)
    ~~~~~~~~~~~~~~~~^^^^^^^^^^^^^^^^^^
  File "/home/mamatha/anaconda3/lib/python3.13/site-packages/torch/optim/optimizer.py", line 393, in __init__
    param_groups = list(params)
TypeError: 'method' object is not iterable

The above exception was the direct cause of the following exception:

[36mray::ClientAppActor.run()[39m (pid=28686, ip=10.100.14.161, actor_id=8eba501f2401d446b6d920d001000000, repr=<flwr.simulation.ray_transport.ray_actor.ClientAppActor object at 0x7f6e542b9010>)
  File "/home/mamatha/anaconda3/lib/python3.13/site-packages/flwr/simulation/ray_transport/ray_actor.py", line 64, in run
    raise ClientAppException(str(ex)) from ex
flwr.client.client_app.ClientAppException: 
Exception ClientAppException occurred. Message: 'method' object is not iterable

[2025-10-15 15:16:22,634][flwr][ERROR] - [36mray::ClientAppActor.run()[39m (pid=28686, ip=10.100.14.161, actor_id=8eba501f2401d446b6d920d001000000, repr=<flwr.simulation.ray_transport.ray_actor.ClientAppActor object at 0x7f6e542b9010>)
  File "/home/mamatha/anaconda3/lib/python3.13/site-packages/flwr/client/client_app.py", line 144, in __call__
    return self._call(message, context)
           ~~~~~~~~~~^^^^^^^^^^^^^^^^^^
  File "/home/mamatha/anaconda3/lib/python3.13/site-packages/flwr/client/client_app.py", line 128, in ffn
    out_message = handle_legacy_message_from_msgtype(
        client_fn=client_fn, message=message, context=context
    )
  File "/home/mamatha/anaconda3/lib/python3.13/site-packages/flwr/client/message_handler/message_handler.py", line 128, in handle_legacy_message_from_msgtype
    fit_res = maybe_call_fit(
        client=client,
        fit_ins=recorddict_to_fitins(message.content, keep_input=True),
    )
  File "/home/mamatha/anaconda3/lib/python3.13/site-packages/flwr/client/client.py", line 224, in maybe_call_fit
    return client.fit(fit_ins)
           ~~~~~~~~~~^^^^^^^^^
  File "/home/mamatha/anaconda3/lib/python3.13/site-packages/flwr/client/numpy_client.py", line 227, in _fit
    results = self.numpy_client.fit(parameters, ins.config)  # type: ignore
  File "/home/mamatha/ME/Research/Hands-On/flower_tutorial/client.py", line 48, in fit
    optim = torch.optim.SGD(self.model.parameters, lr=lr, momentum=momentum)
  File "/home/mamatha/anaconda3/lib/python3.13/site-packages/torch/optim/sgd.py", line 65, in __init__
    super().__init__(params, defaults)
    ~~~~~~~~~~~~~~~~^^^^^^^^^^^^^^^^^^
  File "/home/mamatha/anaconda3/lib/python3.13/site-packages/torch/optim/optimizer.py", line 393, in __init__
    param_groups = list(params)
TypeError: 'method' object is not iterable

The above exception was the direct cause of the following exception:

[36mray::ClientAppActor.run()[39m (pid=28686, ip=10.100.14.161, actor_id=8eba501f2401d446b6d920d001000000, repr=<flwr.simulation.ray_transport.ray_actor.ClientAppActor object at 0x7f6e542b9010>)
  File "/home/mamatha/anaconda3/lib/python3.13/site-packages/flwr/simulation/ray_transport/ray_actor.py", line 64, in run
    raise ClientAppException(str(ex)) from ex
flwr.client.client_app.ClientAppException: 
Exception ClientAppException occurred. Message: 'method' object is not iterable
[2025-10-15 15:16:22,669][flwr][ERROR] - Traceback (most recent call last):
  File "/home/mamatha/anaconda3/lib/python3.13/site-packages/flwr/simulation/ray_transport/ray_client_proxy.py", line 95, in _submit_job
    out_mssg, updated_context = self.actor_pool.get_client_result(
                                ~~~~~~~~~~~~~~~~~~~~~~~~~~~~~~~~~^
        partition_id_str, timeout
        ^^^^^^^^^^^^^^^^^^^^^^^^^
    )
    ^
  File "/home/mamatha/anaconda3/lib/python3.13/site-packages/flwr/simulation/ray_transport/ray_actor.py", line 401, in get_client_result
    return self._fetch_future_result(cid)
           ~~~~~~~~~~~~~~~~~~~~~~~~~^^^^^
  File "/home/mamatha/anaconda3/lib/python3.13/site-packages/flwr/simulation/ray_transport/ray_actor.py", line 282, in _fetch_future_result
    res_cid, out_mssg, updated_context = ray.get(
                                         ~~~~~~~^
        future
        ^^^^^^
    )  # type: (str, Message, Context)
    ^
  File "/home/mamatha/anaconda3/lib/python3.13/site-packages/ray/_private/auto_init_hook.py", line 22, in auto_init_wrapper
    return fn(*args, **kwargs)
  File "/home/mamatha/anaconda3/lib/python3.13/site-packages/ray/_private/client_mode_hook.py", line 104, in wrapper
    return func(*args, **kwargs)
  File "/home/mamatha/anaconda3/lib/python3.13/site-packages/ray/_private/worker.py", line 2962, in get
    values, debugger_breakpoint = worker.get_objects(
                                  ~~~~~~~~~~~~~~~~~~^
        object_refs, timeout=timeout, _tensor_transport=_tensor_transport
        ^^^^^^^^^^^^^^^^^^^^^^^^^^^^^^^^^^^^^^^^^^^^^^^^^^^^^^^^^^^^^^^^^
    )
    ^
  File "/home/mamatha/anaconda3/lib/python3.13/site-packages/ray/_private/worker.py", line 1026, in get_objects
    raise value.as_instanceof_cause()
ray.exceptions.RayTaskError(ClientAppException): [36mray::ClientAppActor.run()[39m (pid=28674, ip=10.100.14.161, actor_id=9b2e3d35418fe924323100ba01000000, repr=<flwr.simulation.ray_transport.ray_actor.ClientAppActor object at 0x7f74705ad010>)
  File "/home/mamatha/anaconda3/lib/python3.13/site-packages/flwr/client/client_app.py", line 144, in __call__
    return self._call(message, context)
           ~~~~~~~~~~^^^^^^^^^^^^^^^^^^
  File "/home/mamatha/anaconda3/lib/python3.13/site-packages/flwr/client/client_app.py", line 128, in ffn
    out_message = handle_legacy_message_from_msgtype(
        client_fn=client_fn, message=message, context=context
    )
  File "/home/mamatha/anaconda3/lib/python3.13/site-packages/flwr/client/message_handler/message_handler.py", line 128, in handle_legacy_message_from_msgtype
    fit_res = maybe_call_fit(
        client=client,
        fit_ins=recorddict_to_fitins(message.content, keep_input=True),
    )
  File "/home/mamatha/anaconda3/lib/python3.13/site-packages/flwr/client/client.py", line 224, in maybe_call_fit
    return client.fit(fit_ins)
           ~~~~~~~~~~^^^^^^^^^
  File "/home/mamatha/anaconda3/lib/python3.13/site-packages/flwr/client/numpy_client.py", line 227, in _fit
    results = self.numpy_client.fit(parameters, ins.config)  # type: ignore
  File "/home/mamatha/ME/Research/Hands-On/flower_tutorial/client.py", line 48, in fit
    optim = torch.optim.SGD(self.model.parameters, lr=lr, momentum=momentum)
  File "/home/mamatha/anaconda3/lib/python3.13/site-packages/torch/optim/sgd.py", line 65, in __init__
    super().__init__(params, defaults)
    ~~~~~~~~~~~~~~~~^^^^^^^^^^^^^^^^^^
  File "/home/mamatha/anaconda3/lib/python3.13/site-packages/torch/optim/optimizer.py", line 393, in __init__
    param_groups = list(params)
TypeError: 'method' object is not iterable

The above exception was the direct cause of the following exception:

[36mray::ClientAppActor.run()[39m (pid=28674, ip=10.100.14.161, actor_id=9b2e3d35418fe924323100ba01000000, repr=<flwr.simulation.ray_transport.ray_actor.ClientAppActor object at 0x7f74705ad010>)
  File "/home/mamatha/anaconda3/lib/python3.13/site-packages/flwr/simulation/ray_transport/ray_actor.py", line 64, in run
    raise ClientAppException(str(ex)) from ex
flwr.client.client_app.ClientAppException: 
Exception ClientAppException occurred. Message: 'method' object is not iterable

[2025-10-15 15:16:22,670][flwr][ERROR] - [36mray::ClientAppActor.run()[39m (pid=28674, ip=10.100.14.161, actor_id=9b2e3d35418fe924323100ba01000000, repr=<flwr.simulation.ray_transport.ray_actor.ClientAppActor object at 0x7f74705ad010>)
  File "/home/mamatha/anaconda3/lib/python3.13/site-packages/flwr/client/client_app.py", line 144, in __call__
    return self._call(message, context)
           ~~~~~~~~~~^^^^^^^^^^^^^^^^^^
  File "/home/mamatha/anaconda3/lib/python3.13/site-packages/flwr/client/client_app.py", line 128, in ffn
    out_message = handle_legacy_message_from_msgtype(
        client_fn=client_fn, message=message, context=context
    )
  File "/home/mamatha/anaconda3/lib/python3.13/site-packages/flwr/client/message_handler/message_handler.py", line 128, in handle_legacy_message_from_msgtype
    fit_res = maybe_call_fit(
        client=client,
        fit_ins=recorddict_to_fitins(message.content, keep_input=True),
    )
  File "/home/mamatha/anaconda3/lib/python3.13/site-packages/flwr/client/client.py", line 224, in maybe_call_fit
    return client.fit(fit_ins)
           ~~~~~~~~~~^^^^^^^^^
  File "/home/mamatha/anaconda3/lib/python3.13/site-packages/flwr/client/numpy_client.py", line 227, in _fit
    results = self.numpy_client.fit(parameters, ins.config)  # type: ignore
  File "/home/mamatha/ME/Research/Hands-On/flower_tutorial/client.py", line 48, in fit
    optim = torch.optim.SGD(self.model.parameters, lr=lr, momentum=momentum)
  File "/home/mamatha/anaconda3/lib/python3.13/site-packages/torch/optim/sgd.py", line 65, in __init__
    super().__init__(params, defaults)
    ~~~~~~~~~~~~~~~~^^^^^^^^^^^^^^^^^^
  File "/home/mamatha/anaconda3/lib/python3.13/site-packages/torch/optim/optimizer.py", line 393, in __init__
    param_groups = list(params)
TypeError: 'method' object is not iterable

The above exception was the direct cause of the following exception:

[36mray::ClientAppActor.run()[39m (pid=28674, ip=10.100.14.161, actor_id=9b2e3d35418fe924323100ba01000000, repr=<flwr.simulation.ray_transport.ray_actor.ClientAppActor object at 0x7f74705ad010>)
  File "/home/mamatha/anaconda3/lib/python3.13/site-packages/flwr/simulation/ray_transport/ray_actor.py", line 64, in run
    raise ClientAppException(str(ex)) from ex
flwr.client.client_app.ClientAppException: 
Exception ClientAppException occurred. Message: 'method' object is not iterable
[2025-10-15 15:16:22,695][flwr][ERROR] - Traceback (most recent call last):
  File "/home/mamatha/anaconda3/lib/python3.13/site-packages/flwr/simulation/ray_transport/ray_client_proxy.py", line 95, in _submit_job
    out_mssg, updated_context = self.actor_pool.get_client_result(
                                ~~~~~~~~~~~~~~~~~~~~~~~~~~~~~~~~~^
        partition_id_str, timeout
        ^^^^^^^^^^^^^^^^^^^^^^^^^
    )
    ^
  File "/home/mamatha/anaconda3/lib/python3.13/site-packages/flwr/simulation/ray_transport/ray_actor.py", line 401, in get_client_result
    return self._fetch_future_result(cid)
           ~~~~~~~~~~~~~~~~~~~~~~~~~^^^^^
  File "/home/mamatha/anaconda3/lib/python3.13/site-packages/flwr/simulation/ray_transport/ray_actor.py", line 282, in _fetch_future_result
    res_cid, out_mssg, updated_context = ray.get(
                                         ~~~~~~~^
        future
        ^^^^^^
    )  # type: (str, Message, Context)
    ^
  File "/home/mamatha/anaconda3/lib/python3.13/site-packages/ray/_private/auto_init_hook.py", line 22, in auto_init_wrapper
    return fn(*args, **kwargs)
  File "/home/mamatha/anaconda3/lib/python3.13/site-packages/ray/_private/client_mode_hook.py", line 104, in wrapper
    return func(*args, **kwargs)
  File "/home/mamatha/anaconda3/lib/python3.13/site-packages/ray/_private/worker.py", line 2962, in get
    values, debugger_breakpoint = worker.get_objects(
                                  ~~~~~~~~~~~~~~~~~~^
        object_refs, timeout=timeout, _tensor_transport=_tensor_transport
        ^^^^^^^^^^^^^^^^^^^^^^^^^^^^^^^^^^^^^^^^^^^^^^^^^^^^^^^^^^^^^^^^^
    )
    ^
  File "/home/mamatha/anaconda3/lib/python3.13/site-packages/ray/_private/worker.py", line 1026, in get_objects
    raise value.as_instanceof_cause()
ray.exceptions.RayTaskError(ClientAppException): [36mray::ClientAppActor.run()[39m (pid=28688, ip=10.100.14.161, actor_id=5873e0aa9a415a0e9493d8ea01000000, repr=<flwr.simulation.ray_transport.ray_actor.ClientAppActor object at 0x7fa6545cd010>)
  File "/home/mamatha/anaconda3/lib/python3.13/site-packages/flwr/client/client_app.py", line 144, in __call__
    return self._call(message, context)
           ~~~~~~~~~~^^^^^^^^^^^^^^^^^^
  File "/home/mamatha/anaconda3/lib/python3.13/site-packages/flwr/client/client_app.py", line 128, in ffn
    out_message = handle_legacy_message_from_msgtype(
        client_fn=client_fn, message=message, context=context
    )
  File "/home/mamatha/anaconda3/lib/python3.13/site-packages/flwr/client/message_handler/message_handler.py", line 128, in handle_legacy_message_from_msgtype
    fit_res = maybe_call_fit(
        client=client,
        fit_ins=recorddict_to_fitins(message.content, keep_input=True),
    )
  File "/home/mamatha/anaconda3/lib/python3.13/site-packages/flwr/client/client.py", line 224, in maybe_call_fit
    return client.fit(fit_ins)
           ~~~~~~~~~~^^^^^^^^^
  File "/home/mamatha/anaconda3/lib/python3.13/site-packages/flwr/client/numpy_client.py", line 227, in _fit
    results = self.numpy_client.fit(parameters, ins.config)  # type: ignore
  File "/home/mamatha/ME/Research/Hands-On/flower_tutorial/client.py", line 48, in fit
    optim = torch.optim.SGD(self.model.parameters, lr=lr, momentum=momentum)
  File "/home/mamatha/anaconda3/lib/python3.13/site-packages/torch/optim/sgd.py", line 65, in __init__
    super().__init__(params, defaults)
    ~~~~~~~~~~~~~~~~^^^^^^^^^^^^^^^^^^
  File "/home/mamatha/anaconda3/lib/python3.13/site-packages/torch/optim/optimizer.py", line 393, in __init__
    param_groups = list(params)
TypeError: 'method' object is not iterable

The above exception was the direct cause of the following exception:

[36mray::ClientAppActor.run()[39m (pid=28688, ip=10.100.14.161, actor_id=5873e0aa9a415a0e9493d8ea01000000, repr=<flwr.simulation.ray_transport.ray_actor.ClientAppActor object at 0x7fa6545cd010>)
  File "/home/mamatha/anaconda3/lib/python3.13/site-packages/flwr/simulation/ray_transport/ray_actor.py", line 64, in run
    raise ClientAppException(str(ex)) from ex
flwr.client.client_app.ClientAppException: 
Exception ClientAppException occurred. Message: 'method' object is not iterable

[2025-10-15 15:16:22,696][flwr][ERROR] - [36mray::ClientAppActor.run()[39m (pid=28688, ip=10.100.14.161, actor_id=5873e0aa9a415a0e9493d8ea01000000, repr=<flwr.simulation.ray_transport.ray_actor.ClientAppActor object at 0x7fa6545cd010>)
  File "/home/mamatha/anaconda3/lib/python3.13/site-packages/flwr/client/client_app.py", line 144, in __call__
    return self._call(message, context)
           ~~~~~~~~~~^^^^^^^^^^^^^^^^^^
  File "/home/mamatha/anaconda3/lib/python3.13/site-packages/flwr/client/client_app.py", line 128, in ffn
    out_message = handle_legacy_message_from_msgtype(
        client_fn=client_fn, message=message, context=context
    )
  File "/home/mamatha/anaconda3/lib/python3.13/site-packages/flwr/client/message_handler/message_handler.py", line 128, in handle_legacy_message_from_msgtype
    fit_res = maybe_call_fit(
        client=client,
        fit_ins=recorddict_to_fitins(message.content, keep_input=True),
    )
  File "/home/mamatha/anaconda3/lib/python3.13/site-packages/flwr/client/client.py", line 224, in maybe_call_fit
    return client.fit(fit_ins)
           ~~~~~~~~~~^^^^^^^^^
  File "/home/mamatha/anaconda3/lib/python3.13/site-packages/flwr/client/numpy_client.py", line 227, in _fit
    results = self.numpy_client.fit(parameters, ins.config)  # type: ignore
  File "/home/mamatha/ME/Research/Hands-On/flower_tutorial/client.py", line 48, in fit
    optim = torch.optim.SGD(self.model.parameters, lr=lr, momentum=momentum)
  File "/home/mamatha/anaconda3/lib/python3.13/site-packages/torch/optim/sgd.py", line 65, in __init__
    super().__init__(params, defaults)
    ~~~~~~~~~~~~~~~~^^^^^^^^^^^^^^^^^^
  File "/home/mamatha/anaconda3/lib/python3.13/site-packages/torch/optim/optimizer.py", line 393, in __init__
    param_groups = list(params)
TypeError: 'method' object is not iterable

The above exception was the direct cause of the following exception:

[36mray::ClientAppActor.run()[39m (pid=28688, ip=10.100.14.161, actor_id=5873e0aa9a415a0e9493d8ea01000000, repr=<flwr.simulation.ray_transport.ray_actor.ClientAppActor object at 0x7fa6545cd010>)
  File "/home/mamatha/anaconda3/lib/python3.13/site-packages/flwr/simulation/ray_transport/ray_actor.py", line 64, in run
    raise ClientAppException(str(ex)) from ex
flwr.client.client_app.ClientAppException: 
Exception ClientAppException occurred. Message: 'method' object is not iterable
[2025-10-15 15:16:22,724][flwr][ERROR] - Traceback (most recent call last):
  File "/home/mamatha/anaconda3/lib/python3.13/site-packages/flwr/simulation/ray_transport/ray_client_proxy.py", line 95, in _submit_job
    out_mssg, updated_context = self.actor_pool.get_client_result(
                                ~~~~~~~~~~~~~~~~~~~~~~~~~~~~~~~~~^
        partition_id_str, timeout
        ^^^^^^^^^^^^^^^^^^^^^^^^^
    )
    ^
  File "/home/mamatha/anaconda3/lib/python3.13/site-packages/flwr/simulation/ray_transport/ray_actor.py", line 401, in get_client_result
    return self._fetch_future_result(cid)
           ~~~~~~~~~~~~~~~~~~~~~~~~~^^^^^
  File "/home/mamatha/anaconda3/lib/python3.13/site-packages/flwr/simulation/ray_transport/ray_actor.py", line 282, in _fetch_future_result
    res_cid, out_mssg, updated_context = ray.get(
                                         ~~~~~~~^
        future
        ^^^^^^
    )  # type: (str, Message, Context)
    ^
  File "/home/mamatha/anaconda3/lib/python3.13/site-packages/ray/_private/auto_init_hook.py", line 22, in auto_init_wrapper
    return fn(*args, **kwargs)
  File "/home/mamatha/anaconda3/lib/python3.13/site-packages/ray/_private/client_mode_hook.py", line 104, in wrapper
    return func(*args, **kwargs)
  File "/home/mamatha/anaconda3/lib/python3.13/site-packages/ray/_private/worker.py", line 2962, in get
    values, debugger_breakpoint = worker.get_objects(
                                  ~~~~~~~~~~~~~~~~~~^
        object_refs, timeout=timeout, _tensor_transport=_tensor_transport
        ^^^^^^^^^^^^^^^^^^^^^^^^^^^^^^^^^^^^^^^^^^^^^^^^^^^^^^^^^^^^^^^^^
    )
    ^
  File "/home/mamatha/anaconda3/lib/python3.13/site-packages/ray/_private/worker.py", line 1026, in get_objects
    raise value.as_instanceof_cause()
ray.exceptions.RayTaskError(ClientAppException): [36mray::ClientAppActor.run()[39m (pid=28687, ip=10.100.14.161, actor_id=1875e07fc29d31de864882c001000000, repr=<flwr.simulation.ray_transport.ray_actor.ClientAppActor object at 0x7f36d0555010>)
  File "/home/mamatha/anaconda3/lib/python3.13/site-packages/flwr/client/client_app.py", line 144, in __call__
    return self._call(message, context)
           ~~~~~~~~~~^^^^^^^^^^^^^^^^^^
  File "/home/mamatha/anaconda3/lib/python3.13/site-packages/flwr/client/client_app.py", line 128, in ffn
    out_message = handle_legacy_message_from_msgtype(
        client_fn=client_fn, message=message, context=context
    )
  File "/home/mamatha/anaconda3/lib/python3.13/site-packages/flwr/client/message_handler/message_handler.py", line 128, in handle_legacy_message_from_msgtype
    fit_res = maybe_call_fit(
        client=client,
        fit_ins=recorddict_to_fitins(message.content, keep_input=True),
    )
  File "/home/mamatha/anaconda3/lib/python3.13/site-packages/flwr/client/client.py", line 224, in maybe_call_fit
    return client.fit(fit_ins)
           ~~~~~~~~~~^^^^^^^^^
  File "/home/mamatha/anaconda3/lib/python3.13/site-packages/flwr/client/numpy_client.py", line 227, in _fit
    results = self.numpy_client.fit(parameters, ins.config)  # type: ignore
  File "/home/mamatha/ME/Research/Hands-On/flower_tutorial/client.py", line 48, in fit
    optim = torch.optim.SGD(self.model.parameters, lr=lr, momentum=momentum)
  File "/home/mamatha/anaconda3/lib/python3.13/site-packages/torch/optim/sgd.py", line 65, in __init__
    super().__init__(params, defaults)
    ~~~~~~~~~~~~~~~~^^^^^^^^^^^^^^^^^^
  File "/home/mamatha/anaconda3/lib/python3.13/site-packages/torch/optim/optimizer.py", line 393, in __init__
    param_groups = list(params)
TypeError: 'method' object is not iterable

The above exception was the direct cause of the following exception:

[36mray::ClientAppActor.run()[39m (pid=28687, ip=10.100.14.161, actor_id=1875e07fc29d31de864882c001000000, repr=<flwr.simulation.ray_transport.ray_actor.ClientAppActor object at 0x7f36d0555010>)
  File "/home/mamatha/anaconda3/lib/python3.13/site-packages/flwr/simulation/ray_transport/ray_actor.py", line 64, in run
    raise ClientAppException(str(ex)) from ex
flwr.client.client_app.ClientAppException: 
Exception ClientAppException occurred. Message: 'method' object is not iterable

[2025-10-15 15:16:22,724][flwr][ERROR] - [36mray::ClientAppActor.run()[39m (pid=28687, ip=10.100.14.161, actor_id=1875e07fc29d31de864882c001000000, repr=<flwr.simulation.ray_transport.ray_actor.ClientAppActor object at 0x7f36d0555010>)
  File "/home/mamatha/anaconda3/lib/python3.13/site-packages/flwr/client/client_app.py", line 144, in __call__
    return self._call(message, context)
           ~~~~~~~~~~^^^^^^^^^^^^^^^^^^
  File "/home/mamatha/anaconda3/lib/python3.13/site-packages/flwr/client/client_app.py", line 128, in ffn
    out_message = handle_legacy_message_from_msgtype(
        client_fn=client_fn, message=message, context=context
    )
  File "/home/mamatha/anaconda3/lib/python3.13/site-packages/flwr/client/message_handler/message_handler.py", line 128, in handle_legacy_message_from_msgtype
    fit_res = maybe_call_fit(
        client=client,
        fit_ins=recorddict_to_fitins(message.content, keep_input=True),
    )
  File "/home/mamatha/anaconda3/lib/python3.13/site-packages/flwr/client/client.py", line 224, in maybe_call_fit
    return client.fit(fit_ins)
           ~~~~~~~~~~^^^^^^^^^
  File "/home/mamatha/anaconda3/lib/python3.13/site-packages/flwr/client/numpy_client.py", line 227, in _fit
    results = self.numpy_client.fit(parameters, ins.config)  # type: ignore
  File "/home/mamatha/ME/Research/Hands-On/flower_tutorial/client.py", line 48, in fit
    optim = torch.optim.SGD(self.model.parameters, lr=lr, momentum=momentum)
  File "/home/mamatha/anaconda3/lib/python3.13/site-packages/torch/optim/sgd.py", line 65, in __init__
    super().__init__(params, defaults)
    ~~~~~~~~~~~~~~~~^^^^^^^^^^^^^^^^^^
  File "/home/mamatha/anaconda3/lib/python3.13/site-packages/torch/optim/optimizer.py", line 393, in __init__
    param_groups = list(params)
TypeError: 'method' object is not iterable

The above exception was the direct cause of the following exception:

[36mray::ClientAppActor.run()[39m (pid=28687, ip=10.100.14.161, actor_id=1875e07fc29d31de864882c001000000, repr=<flwr.simulation.ray_transport.ray_actor.ClientAppActor object at 0x7f36d0555010>)
  File "/home/mamatha/anaconda3/lib/python3.13/site-packages/flwr/simulation/ray_transport/ray_actor.py", line 64, in run
    raise ClientAppException(str(ex)) from ex
flwr.client.client_app.ClientAppException: 
Exception ClientAppException occurred. Message: 'method' object is not iterable
[2025-10-15 15:16:22,879][flwr][ERROR] - Traceback (most recent call last):
  File "/home/mamatha/anaconda3/lib/python3.13/site-packages/flwr/simulation/ray_transport/ray_client_proxy.py", line 95, in _submit_job
    out_mssg, updated_context = self.actor_pool.get_client_result(
                                ~~~~~~~~~~~~~~~~~~~~~~~~~~~~~~~~~^
        partition_id_str, timeout
        ^^^^^^^^^^^^^^^^^^^^^^^^^
    )
    ^
  File "/home/mamatha/anaconda3/lib/python3.13/site-packages/flwr/simulation/ray_transport/ray_actor.py", line 401, in get_client_result
    return self._fetch_future_result(cid)
           ~~~~~~~~~~~~~~~~~~~~~~~~~^^^^^
  File "/home/mamatha/anaconda3/lib/python3.13/site-packages/flwr/simulation/ray_transport/ray_actor.py", line 282, in _fetch_future_result
    res_cid, out_mssg, updated_context = ray.get(
                                         ~~~~~~~^
        future
        ^^^^^^
    )  # type: (str, Message, Context)
    ^
  File "/home/mamatha/anaconda3/lib/python3.13/site-packages/ray/_private/auto_init_hook.py", line 22, in auto_init_wrapper
    return fn(*args, **kwargs)
  File "/home/mamatha/anaconda3/lib/python3.13/site-packages/ray/_private/client_mode_hook.py", line 104, in wrapper
    return func(*args, **kwargs)
  File "/home/mamatha/anaconda3/lib/python3.13/site-packages/ray/_private/worker.py", line 2962, in get
    values, debugger_breakpoint = worker.get_objects(
                                  ~~~~~~~~~~~~~~~~~~^
        object_refs, timeout=timeout, _tensor_transport=_tensor_transport
        ^^^^^^^^^^^^^^^^^^^^^^^^^^^^^^^^^^^^^^^^^^^^^^^^^^^^^^^^^^^^^^^^^
    )
    ^
  File "/home/mamatha/anaconda3/lib/python3.13/site-packages/ray/_private/worker.py", line 1026, in get_objects
    raise value.as_instanceof_cause()
ray.exceptions.RayTaskError(ClientAppException): [36mray::ClientAppActor.run()[39m (pid=28671, ip=10.100.14.161, actor_id=4d6de520c9ef33266c05bb1f01000000, repr=<flwr.simulation.ray_transport.ray_actor.ClientAppActor object at 0x7f8c54755010>)
  File "/home/mamatha/anaconda3/lib/python3.13/site-packages/flwr/client/client_app.py", line 144, in __call__
    return self._call(message, context)
           ~~~~~~~~~~^^^^^^^^^^^^^^^^^^
  File "/home/mamatha/anaconda3/lib/python3.13/site-packages/flwr/client/client_app.py", line 128, in ffn
    out_message = handle_legacy_message_from_msgtype(
        client_fn=client_fn, message=message, context=context
    )
  File "/home/mamatha/anaconda3/lib/python3.13/site-packages/flwr/client/message_handler/message_handler.py", line 128, in handle_legacy_message_from_msgtype
    fit_res = maybe_call_fit(
        client=client,
        fit_ins=recorddict_to_fitins(message.content, keep_input=True),
    )
  File "/home/mamatha/anaconda3/lib/python3.13/site-packages/flwr/client/client.py", line 224, in maybe_call_fit
    return client.fit(fit_ins)
           ~~~~~~~~~~^^^^^^^^^
  File "/home/mamatha/anaconda3/lib/python3.13/site-packages/flwr/client/numpy_client.py", line 227, in _fit
    results = self.numpy_client.fit(parameters, ins.config)  # type: ignore
  File "/home/mamatha/ME/Research/Hands-On/flower_tutorial/client.py", line 48, in fit
    optim = torch.optim.SGD(self.model.parameters, lr=lr, momentum=momentum)
  File "/home/mamatha/anaconda3/lib/python3.13/site-packages/torch/optim/sgd.py", line 65, in __init__
    super().__init__(params, defaults)
    ~~~~~~~~~~~~~~~~^^^^^^^^^^^^^^^^^^
  File "/home/mamatha/anaconda3/lib/python3.13/site-packages/torch/optim/optimizer.py", line 393, in __init__
    param_groups = list(params)
TypeError: 'method' object is not iterable

The above exception was the direct cause of the following exception:

[36mray::ClientAppActor.run()[39m (pid=28671, ip=10.100.14.161, actor_id=4d6de520c9ef33266c05bb1f01000000, repr=<flwr.simulation.ray_transport.ray_actor.ClientAppActor object at 0x7f8c54755010>)
  File "/home/mamatha/anaconda3/lib/python3.13/site-packages/flwr/simulation/ray_transport/ray_actor.py", line 64, in run
    raise ClientAppException(str(ex)) from ex
flwr.client.client_app.ClientAppException: 
Exception ClientAppException occurred. Message: 'method' object is not iterable

[2025-10-15 15:16:22,879][flwr][ERROR] - [36mray::ClientAppActor.run()[39m (pid=28671, ip=10.100.14.161, actor_id=4d6de520c9ef33266c05bb1f01000000, repr=<flwr.simulation.ray_transport.ray_actor.ClientAppActor object at 0x7f8c54755010>)
  File "/home/mamatha/anaconda3/lib/python3.13/site-packages/flwr/client/client_app.py", line 144, in __call__
    return self._call(message, context)
           ~~~~~~~~~~^^^^^^^^^^^^^^^^^^
  File "/home/mamatha/anaconda3/lib/python3.13/site-packages/flwr/client/client_app.py", line 128, in ffn
    out_message = handle_legacy_message_from_msgtype(
        client_fn=client_fn, message=message, context=context
    )
  File "/home/mamatha/anaconda3/lib/python3.13/site-packages/flwr/client/message_handler/message_handler.py", line 128, in handle_legacy_message_from_msgtype
    fit_res = maybe_call_fit(
        client=client,
        fit_ins=recorddict_to_fitins(message.content, keep_input=True),
    )
  File "/home/mamatha/anaconda3/lib/python3.13/site-packages/flwr/client/client.py", line 224, in maybe_call_fit
    return client.fit(fit_ins)
           ~~~~~~~~~~^^^^^^^^^
  File "/home/mamatha/anaconda3/lib/python3.13/site-packages/flwr/client/numpy_client.py", line 227, in _fit
    results = self.numpy_client.fit(parameters, ins.config)  # type: ignore
  File "/home/mamatha/ME/Research/Hands-On/flower_tutorial/client.py", line 48, in fit
    optim = torch.optim.SGD(self.model.parameters, lr=lr, momentum=momentum)
  File "/home/mamatha/anaconda3/lib/python3.13/site-packages/torch/optim/sgd.py", line 65, in __init__
    super().__init__(params, defaults)
    ~~~~~~~~~~~~~~~~^^^^^^^^^^^^^^^^^^
  File "/home/mamatha/anaconda3/lib/python3.13/site-packages/torch/optim/optimizer.py", line 393, in __init__
    param_groups = list(params)
TypeError: 'method' object is not iterable

The above exception was the direct cause of the following exception:

[36mray::ClientAppActor.run()[39m (pid=28671, ip=10.100.14.161, actor_id=4d6de520c9ef33266c05bb1f01000000, repr=<flwr.simulation.ray_transport.ray_actor.ClientAppActor object at 0x7f8c54755010>)
  File "/home/mamatha/anaconda3/lib/python3.13/site-packages/flwr/simulation/ray_transport/ray_actor.py", line 64, in run
    raise ClientAppException(str(ex)) from ex
flwr.client.client_app.ClientAppException: 
Exception ClientAppException occurred. Message: 'method' object is not iterable
[2025-10-15 15:16:22,879][flwr][INFO] - aggregate_fit: received 0 results and 10 failures
[2025-10-15 15:16:23,367][flwr][INFO] - fit progress: (1, 182.1606194972992, {'accuracy': 0.092}, 2.4276514220000536)
[2025-10-15 15:16:23,368][flwr][INFO] - configure_evaluate: strategy sampled 25 clients (out of 100)
[2025-10-15 15:16:25,892][flwr][INFO] - aggregate_evaluate: received 25 results and 0 failures
[2025-10-15 15:16:25,892][flwr][WARNING] - No evaluate_metrics_aggregation_fn provided
[2025-10-15 15:16:25,892][flwr][INFO] - 
[2025-10-15 15:16:25,892][flwr][INFO] - [SUMMARY]
[2025-10-15 15:16:25,892][flwr][INFO] - Run finished 1 round(s) in 4.95s
[2025-10-15 15:16:25,892][flwr][INFO] - 	History (loss, distributed):
[2025-10-15 15:16:25,892][flwr][INFO] - 		round 1: 6.9173671245574955
[2025-10-15 15:16:25,892][flwr][INFO] - 	History (loss, centralized):
[2025-10-15 15:16:25,893][flwr][INFO] - 		round 0: 182.1606194972992
[2025-10-15 15:16:25,893][flwr][INFO] - 		round 1: 182.1606194972992
[2025-10-15 15:16:25,893][flwr][INFO] - 	History (metrics, centralized):
[2025-10-15 15:16:25,893][flwr][INFO] - 	{'accuracy': [(0, 0.092), (1, 0.092)]}
[2025-10-15 15:16:25,893][flwr][INFO] - 
