[2025-10-15 15:12:14,192][flwr][WARNING] - DEPRECATED FEATURE: flwr.simulation.start_simulation() is deprecated.
	Instead, use the `flwr run` CLI command to start a local simulation in your Flower app, as shown for example below:

		$ flwr new  # Create a new Flower app from a template

		$ flwr run  # Run the Flower app in Simulation Mode

	Using `start_simulation()` is deprecated.

            This is a deprecated feature. It will be removed
            entirely in future versions of Flower.
        
[2025-10-15 15:12:14,193][flwr][INFO] - Starting Flower simulation, config: num_rounds=1, no round_timeout
[2025-10-15 15:12:15,680][flwr][INFO] - Flower VCE: Ray initialized with resources: {'CPU': 20.0, 'memory': 18662269338.0, 'node:__internal_head__': 1.0, 'object_store_memory': 7998115430.0, 'node:10.100.14.161': 1.0}
[2025-10-15 15:12:15,681][flwr][INFO] - Optimize your simulation with Flower VCE: https://flower.ai/docs/framework/how-to-run-simulations.html
[2025-10-15 15:12:15,681][flwr][INFO] - No `client_resources` specified. Using minimal resources for clients.
[2025-10-15 15:12:15,681][flwr][INFO] - Flower VCE: Resources for each Virtual Client: {'num_cpus': 1, 'num_gpus': 0.0}
[2025-10-15 15:12:15,732][flwr][INFO] - Flower VCE: Creating VirtualClientEngineActorPool with 20 actors
[2025-10-15 15:12:15,732][flwr][INFO] - [INIT]
[2025-10-15 15:12:15,732][flwr][INFO] - Requesting initial parameters from one random client
[2025-10-15 15:12:17,121][flwr][INFO] - Received initial parameters from one random client
[2025-10-15 15:12:17,121][flwr][INFO] - Starting evaluation of initial global parameters
[2025-10-15 15:12:17,626][flwr][INFO] - initial parameters (loss, other metrics): 182.17022371292114, {'accuracy': 0.0982}
[2025-10-15 15:12:17,626][flwr][INFO] - 
[2025-10-15 15:12:17,626][flwr][INFO] - [ROUND 1]
[2025-10-15 15:12:17,626][flwr][INFO] - configure_fit: strategy sampled 10 clients (out of 100)
[2025-10-15 15:12:18,097][flwr][ERROR] - Traceback (most recent call last):
  File "/home/mamatha/anaconda3/lib/python3.13/site-packages/flwr/simulation/ray_transport/ray_client_proxy.py", line 95, in _submit_job
    out_mssg, updated_context = self.actor_pool.get_client_result(
                                ~~~~~~~~~~~~~~~~~~~~~~~~~~~~~~~~~^
        partition_id_str, timeout
        ^^^^^^^^^^^^^^^^^^^^^^^^^
    )
    ^
  File "/home/mamatha/anaconda3/lib/python3.13/site-packages/flwr/simulation/ray_transport/ray_actor.py", line 401, in get_client_result
    return self._fetch_future_result(cid)
           ~~~~~~~~~~~~~~~~~~~~~~~~~^^^^^
  File "/home/mamatha/anaconda3/lib/python3.13/site-packages/flwr/simulation/ray_transport/ray_actor.py", line 282, in _fetch_future_result
    res_cid, out_mssg, updated_context = ray.get(
                                         ~~~~~~~^
        future
        ^^^^^^
    )  # type: (str, Message, Context)
    ^
  File "/home/mamatha/anaconda3/lib/python3.13/site-packages/ray/_private/auto_init_hook.py", line 22, in auto_init_wrapper
    return fn(*args, **kwargs)
  File "/home/mamatha/anaconda3/lib/python3.13/site-packages/ray/_private/client_mode_hook.py", line 104, in wrapper
    return func(*args, **kwargs)
  File "/home/mamatha/anaconda3/lib/python3.13/site-packages/ray/_private/worker.py", line 2962, in get
    values, debugger_breakpoint = worker.get_objects(
                                  ~~~~~~~~~~~~~~~~~~^
        object_refs, timeout=timeout, _tensor_transport=_tensor_transport
        ^^^^^^^^^^^^^^^^^^^^^^^^^^^^^^^^^^^^^^^^^^^^^^^^^^^^^^^^^^^^^^^^^
    )
    ^
  File "/home/mamatha/anaconda3/lib/python3.13/site-packages/ray/_private/worker.py", line 1026, in get_objects
    raise value.as_instanceof_cause()
ray.exceptions.RayTaskError(ClientAppException): [36mray::ClientAppActor.run()[39m (pid=24766, ip=10.100.14.161, actor_id=bd8ff602a784a17a3d90294301000000, repr=<flwr.simulation.ray_transport.ray_actor.ClientAppActor object at 0x7efd903cd010>)
  File "/home/mamatha/anaconda3/lib/python3.13/site-packages/flwr/client/client_app.py", line 144, in __call__
    return self._call(message, context)
           ~~~~~~~~~~^^^^^^^^^^^^^^^^^^
  File "/home/mamatha/anaconda3/lib/python3.13/site-packages/flwr/client/client_app.py", line 128, in ffn
    out_message = handle_legacy_message_from_msgtype(
        client_fn=client_fn, message=message, context=context
    )
  File "/home/mamatha/anaconda3/lib/python3.13/site-packages/flwr/client/message_handler/message_handler.py", line 128, in handle_legacy_message_from_msgtype
    fit_res = maybe_call_fit(
        client=client,
        fit_ins=recorddict_to_fitins(message.content, keep_input=True),
    )
  File "/home/mamatha/anaconda3/lib/python3.13/site-packages/flwr/client/client.py", line 224, in maybe_call_fit
    return client.fit(fit_ins)
           ~~~~~~~~~~^^^^^^^^^
  File "/home/mamatha/anaconda3/lib/python3.13/site-packages/flwr/client/numpy_client.py", line 227, in _fit
    results = self.numpy_client.fit(parameters, ins.config)  # type: ignore
  File "/home/mamatha/ME/Research/Hands-On/flower_tutorial/client.py", line 48, in fit
    optim = torch.optim.SGD(self.model.parameters, lr=lr, momentum=momentum)
  File "/home/mamatha/anaconda3/lib/python3.13/site-packages/torch/optim/sgd.py", line 65, in __init__
    super().__init__(params, defaults)
    ~~~~~~~~~~~~~~~~^^^^^^^^^^^^^^^^^^
  File "/home/mamatha/anaconda3/lib/python3.13/site-packages/torch/optim/optimizer.py", line 393, in __init__
    param_groups = list(params)
TypeError: 'method' object is not iterable

The above exception was the direct cause of the following exception:

[36mray::ClientAppActor.run()[39m (pid=24766, ip=10.100.14.161, actor_id=bd8ff602a784a17a3d90294301000000, repr=<flwr.simulation.ray_transport.ray_actor.ClientAppActor object at 0x7efd903cd010>)
  File "/home/mamatha/anaconda3/lib/python3.13/site-packages/flwr/simulation/ray_transport/ray_actor.py", line 64, in run
    raise ClientAppException(str(ex)) from ex
flwr.client.client_app.ClientAppException: 
Exception ClientAppException occurred. Message: 'method' object is not iterable

[2025-10-15 15:12:18,097][flwr][ERROR] - [36mray::ClientAppActor.run()[39m (pid=24766, ip=10.100.14.161, actor_id=bd8ff602a784a17a3d90294301000000, repr=<flwr.simulation.ray_transport.ray_actor.ClientAppActor object at 0x7efd903cd010>)
  File "/home/mamatha/anaconda3/lib/python3.13/site-packages/flwr/client/client_app.py", line 144, in __call__
    return self._call(message, context)
           ~~~~~~~~~~^^^^^^^^^^^^^^^^^^
  File "/home/mamatha/anaconda3/lib/python3.13/site-packages/flwr/client/client_app.py", line 128, in ffn
    out_message = handle_legacy_message_from_msgtype(
        client_fn=client_fn, message=message, context=context
    )
  File "/home/mamatha/anaconda3/lib/python3.13/site-packages/flwr/client/message_handler/message_handler.py", line 128, in handle_legacy_message_from_msgtype
    fit_res = maybe_call_fit(
        client=client,
        fit_ins=recorddict_to_fitins(message.content, keep_input=True),
    )
  File "/home/mamatha/anaconda3/lib/python3.13/site-packages/flwr/client/client.py", line 224, in maybe_call_fit
    return client.fit(fit_ins)
           ~~~~~~~~~~^^^^^^^^^
  File "/home/mamatha/anaconda3/lib/python3.13/site-packages/flwr/client/numpy_client.py", line 227, in _fit
    results = self.numpy_client.fit(parameters, ins.config)  # type: ignore
  File "/home/mamatha/ME/Research/Hands-On/flower_tutorial/client.py", line 48, in fit
    optim = torch.optim.SGD(self.model.parameters, lr=lr, momentum=momentum)
  File "/home/mamatha/anaconda3/lib/python3.13/site-packages/torch/optim/sgd.py", line 65, in __init__
    super().__init__(params, defaults)
    ~~~~~~~~~~~~~~~~^^^^^^^^^^^^^^^^^^
  File "/home/mamatha/anaconda3/lib/python3.13/site-packages/torch/optim/optimizer.py", line 393, in __init__
    param_groups = list(params)
TypeError: 'method' object is not iterable

The above exception was the direct cause of the following exception:

[36mray::ClientAppActor.run()[39m (pid=24766, ip=10.100.14.161, actor_id=bd8ff602a784a17a3d90294301000000, repr=<flwr.simulation.ray_transport.ray_actor.ClientAppActor object at 0x7efd903cd010>)
  File "/home/mamatha/anaconda3/lib/python3.13/site-packages/flwr/simulation/ray_transport/ray_actor.py", line 64, in run
    raise ClientAppException(str(ex)) from ex
flwr.client.client_app.ClientAppException: 
Exception ClientAppException occurred. Message: 'method' object is not iterable
[2025-10-15 15:12:19,057][flwr][ERROR] - Traceback (most recent call last):
  File "/home/mamatha/anaconda3/lib/python3.13/site-packages/flwr/simulation/ray_transport/ray_client_proxy.py", line 95, in _submit_job
    out_mssg, updated_context = self.actor_pool.get_client_result(
                                ~~~~~~~~~~~~~~~~~~~~~~~~~~~~~~~~~^
        partition_id_str, timeout
        ^^^^^^^^^^^^^^^^^^^^^^^^^
    )
    ^
  File "/home/mamatha/anaconda3/lib/python3.13/site-packages/flwr/simulation/ray_transport/ray_actor.py", line 401, in get_client_result
    return self._fetch_future_result(cid)
           ~~~~~~~~~~~~~~~~~~~~~~~~~^^^^^
  File "/home/mamatha/anaconda3/lib/python3.13/site-packages/flwr/simulation/ray_transport/ray_actor.py", line 282, in _fetch_future_result
    res_cid, out_mssg, updated_context = ray.get(
                                         ~~~~~~~^
        future
        ^^^^^^
    )  # type: (str, Message, Context)
    ^
  File "/home/mamatha/anaconda3/lib/python3.13/site-packages/ray/_private/auto_init_hook.py", line 22, in auto_init_wrapper
    return fn(*args, **kwargs)
  File "/home/mamatha/anaconda3/lib/python3.13/site-packages/ray/_private/client_mode_hook.py", line 104, in wrapper
    return func(*args, **kwargs)
  File "/home/mamatha/anaconda3/lib/python3.13/site-packages/ray/_private/worker.py", line 2962, in get
    values, debugger_breakpoint = worker.get_objects(
                                  ~~~~~~~~~~~~~~~~~~^
        object_refs, timeout=timeout, _tensor_transport=_tensor_transport
        ^^^^^^^^^^^^^^^^^^^^^^^^^^^^^^^^^^^^^^^^^^^^^^^^^^^^^^^^^^^^^^^^^
    )
    ^
  File "/home/mamatha/anaconda3/lib/python3.13/site-packages/ray/_private/worker.py", line 1026, in get_objects
    raise value.as_instanceof_cause()
ray.exceptions.RayTaskError(ClientAppException): [36mray::ClientAppActor.run()[39m (pid=24764, ip=10.100.14.161, actor_id=0d9203b1f05f75f6cf905f9101000000, repr=<flwr.simulation.ray_transport.ray_actor.ClientAppActor object at 0x7f6b1873d010>)
  File "/home/mamatha/anaconda3/lib/python3.13/site-packages/flwr/client/client_app.py", line 144, in __call__
    return self._call(message, context)
           ~~~~~~~~~~^^^^^^^^^^^^^^^^^^
  File "/home/mamatha/anaconda3/lib/python3.13/site-packages/flwr/client/client_app.py", line 128, in ffn
    out_message = handle_legacy_message_from_msgtype(
        client_fn=client_fn, message=message, context=context
    )
  File "/home/mamatha/anaconda3/lib/python3.13/site-packages/flwr/client/message_handler/message_handler.py", line 128, in handle_legacy_message_from_msgtype
    fit_res = maybe_call_fit(
        client=client,
        fit_ins=recorddict_to_fitins(message.content, keep_input=True),
    )
  File "/home/mamatha/anaconda3/lib/python3.13/site-packages/flwr/client/client.py", line 224, in maybe_call_fit
    return client.fit(fit_ins)
           ~~~~~~~~~~^^^^^^^^^
  File "/home/mamatha/anaconda3/lib/python3.13/site-packages/flwr/client/numpy_client.py", line 227, in _fit
    results = self.numpy_client.fit(parameters, ins.config)  # type: ignore
  File "/home/mamatha/ME/Research/Hands-On/flower_tutorial/client.py", line 48, in fit
    optim = torch.optim.SGD(self.model.parameters, lr=lr, momentum=momentum)
  File "/home/mamatha/anaconda3/lib/python3.13/site-packages/torch/optim/sgd.py", line 65, in __init__
    super().__init__(params, defaults)
    ~~~~~~~~~~~~~~~~^^^^^^^^^^^^^^^^^^
  File "/home/mamatha/anaconda3/lib/python3.13/site-packages/torch/optim/optimizer.py", line 393, in __init__
    param_groups = list(params)
TypeError: 'method' object is not iterable

The above exception was the direct cause of the following exception:

[36mray::ClientAppActor.run()[39m (pid=24764, ip=10.100.14.161, actor_id=0d9203b1f05f75f6cf905f9101000000, repr=<flwr.simulation.ray_transport.ray_actor.ClientAppActor object at 0x7f6b1873d010>)
  File "/home/mamatha/anaconda3/lib/python3.13/site-packages/flwr/simulation/ray_transport/ray_actor.py", line 64, in run
    raise ClientAppException(str(ex)) from ex
flwr.client.client_app.ClientAppException: 
Exception ClientAppException occurred. Message: 'method' object is not iterable

[2025-10-15 15:12:19,057][flwr][ERROR] - [36mray::ClientAppActor.run()[39m (pid=24764, ip=10.100.14.161, actor_id=0d9203b1f05f75f6cf905f9101000000, repr=<flwr.simulation.ray_transport.ray_actor.ClientAppActor object at 0x7f6b1873d010>)
  File "/home/mamatha/anaconda3/lib/python3.13/site-packages/flwr/client/client_app.py", line 144, in __call__
    return self._call(message, context)
           ~~~~~~~~~~^^^^^^^^^^^^^^^^^^
  File "/home/mamatha/anaconda3/lib/python3.13/site-packages/flwr/client/client_app.py", line 128, in ffn
    out_message = handle_legacy_message_from_msgtype(
        client_fn=client_fn, message=message, context=context
    )
  File "/home/mamatha/anaconda3/lib/python3.13/site-packages/flwr/client/message_handler/message_handler.py", line 128, in handle_legacy_message_from_msgtype
    fit_res = maybe_call_fit(
        client=client,
        fit_ins=recorddict_to_fitins(message.content, keep_input=True),
    )
  File "/home/mamatha/anaconda3/lib/python3.13/site-packages/flwr/client/client.py", line 224, in maybe_call_fit
    return client.fit(fit_ins)
           ~~~~~~~~~~^^^^^^^^^
  File "/home/mamatha/anaconda3/lib/python3.13/site-packages/flwr/client/numpy_client.py", line 227, in _fit
    results = self.numpy_client.fit(parameters, ins.config)  # type: ignore
  File "/home/mamatha/ME/Research/Hands-On/flower_tutorial/client.py", line 48, in fit
    optim = torch.optim.SGD(self.model.parameters, lr=lr, momentum=momentum)
  File "/home/mamatha/anaconda3/lib/python3.13/site-packages/torch/optim/sgd.py", line 65, in __init__
    super().__init__(params, defaults)
    ~~~~~~~~~~~~~~~~^^^^^^^^^^^^^^^^^^
  File "/home/mamatha/anaconda3/lib/python3.13/site-packages/torch/optim/optimizer.py", line 393, in __init__
    param_groups = list(params)
TypeError: 'method' object is not iterable

The above exception was the direct cause of the following exception:

[36mray::ClientAppActor.run()[39m (pid=24764, ip=10.100.14.161, actor_id=0d9203b1f05f75f6cf905f9101000000, repr=<flwr.simulation.ray_transport.ray_actor.ClientAppActor object at 0x7f6b1873d010>)
  File "/home/mamatha/anaconda3/lib/python3.13/site-packages/flwr/simulation/ray_transport/ray_actor.py", line 64, in run
    raise ClientAppException(str(ex)) from ex
flwr.client.client_app.ClientAppException: 
Exception ClientAppException occurred. Message: 'method' object is not iterable
[2025-10-15 15:12:19,106][flwr][ERROR] - Traceback (most recent call last):
  File "/home/mamatha/anaconda3/lib/python3.13/site-packages/flwr/simulation/ray_transport/ray_client_proxy.py", line 95, in _submit_job
    out_mssg, updated_context = self.actor_pool.get_client_result(
                                ~~~~~~~~~~~~~~~~~~~~~~~~~~~~~~~~~^
        partition_id_str, timeout
        ^^^^^^^^^^^^^^^^^^^^^^^^^
    )
    ^
  File "/home/mamatha/anaconda3/lib/python3.13/site-packages/flwr/simulation/ray_transport/ray_actor.py", line 401, in get_client_result
    return self._fetch_future_result(cid)
           ~~~~~~~~~~~~~~~~~~~~~~~~~^^^^^
  File "/home/mamatha/anaconda3/lib/python3.13/site-packages/flwr/simulation/ray_transport/ray_actor.py", line 282, in _fetch_future_result
    res_cid, out_mssg, updated_context = ray.get(
                                         ~~~~~~~^
        future
        ^^^^^^
    )  # type: (str, Message, Context)
    ^
  File "/home/mamatha/anaconda3/lib/python3.13/site-packages/ray/_private/auto_init_hook.py", line 22, in auto_init_wrapper
    return fn(*args, **kwargs)
  File "/home/mamatha/anaconda3/lib/python3.13/site-packages/ray/_private/client_mode_hook.py", line 104, in wrapper
    return func(*args, **kwargs)
  File "/home/mamatha/anaconda3/lib/python3.13/site-packages/ray/_private/worker.py", line 2962, in get
    values, debugger_breakpoint = worker.get_objects(
                                  ~~~~~~~~~~~~~~~~~~^
        object_refs, timeout=timeout, _tensor_transport=_tensor_transport
        ^^^^^^^^^^^^^^^^^^^^^^^^^^^^^^^^^^^^^^^^^^^^^^^^^^^^^^^^^^^^^^^^^
    )
    ^
  File "/home/mamatha/anaconda3/lib/python3.13/site-packages/ray/_private/worker.py", line 1026, in get_objects
    raise value.as_instanceof_cause()
ray.exceptions.RayTaskError(ClientAppException): [36mray::ClientAppActor.run()[39m (pid=24767, ip=10.100.14.161, actor_id=fc4d17f678c1f1de737958cc01000000, repr=<flwr.simulation.ray_transport.ray_actor.ClientAppActor object at 0x7f34384e1010>)
  File "/home/mamatha/anaconda3/lib/python3.13/site-packages/flwr/client/client_app.py", line 144, in __call__
    return self._call(message, context)
           ~~~~~~~~~~^^^^^^^^^^^^^^^^^^
  File "/home/mamatha/anaconda3/lib/python3.13/site-packages/flwr/client/client_app.py", line 128, in ffn
    out_message = handle_legacy_message_from_msgtype(
        client_fn=client_fn, message=message, context=context
    )
  File "/home/mamatha/anaconda3/lib/python3.13/site-packages/flwr/client/message_handler/message_handler.py", line 128, in handle_legacy_message_from_msgtype
    fit_res = maybe_call_fit(
        client=client,
        fit_ins=recorddict_to_fitins(message.content, keep_input=True),
    )
  File "/home/mamatha/anaconda3/lib/python3.13/site-packages/flwr/client/client.py", line 224, in maybe_call_fit
    return client.fit(fit_ins)
           ~~~~~~~~~~^^^^^^^^^
  File "/home/mamatha/anaconda3/lib/python3.13/site-packages/flwr/client/numpy_client.py", line 227, in _fit
    results = self.numpy_client.fit(parameters, ins.config)  # type: ignore
  File "/home/mamatha/ME/Research/Hands-On/flower_tutorial/client.py", line 48, in fit
    optim = torch.optim.SGD(self.model.parameters, lr=lr, momentum=momentum)
  File "/home/mamatha/anaconda3/lib/python3.13/site-packages/torch/optim/sgd.py", line 65, in __init__
    super().__init__(params, defaults)
    ~~~~~~~~~~~~~~~~^^^^^^^^^^^^^^^^^^
  File "/home/mamatha/anaconda3/lib/python3.13/site-packages/torch/optim/optimizer.py", line 393, in __init__
    param_groups = list(params)
TypeError: 'method' object is not iterable

The above exception was the direct cause of the following exception:

[36mray::ClientAppActor.run()[39m (pid=24767, ip=10.100.14.161, actor_id=fc4d17f678c1f1de737958cc01000000, repr=<flwr.simulation.ray_transport.ray_actor.ClientAppActor object at 0x7f34384e1010>)
  File "/home/mamatha/anaconda3/lib/python3.13/site-packages/flwr/simulation/ray_transport/ray_actor.py", line 64, in run
    raise ClientAppException(str(ex)) from ex
flwr.client.client_app.ClientAppException: 
Exception ClientAppException occurred. Message: 'method' object is not iterable

[2025-10-15 15:12:19,106][flwr][ERROR] - [36mray::ClientAppActor.run()[39m (pid=24767, ip=10.100.14.161, actor_id=fc4d17f678c1f1de737958cc01000000, repr=<flwr.simulation.ray_transport.ray_actor.ClientAppActor object at 0x7f34384e1010>)
  File "/home/mamatha/anaconda3/lib/python3.13/site-packages/flwr/client/client_app.py", line 144, in __call__
    return self._call(message, context)
           ~~~~~~~~~~^^^^^^^^^^^^^^^^^^
  File "/home/mamatha/anaconda3/lib/python3.13/site-packages/flwr/client/client_app.py", line 128, in ffn
    out_message = handle_legacy_message_from_msgtype(
        client_fn=client_fn, message=message, context=context
    )
  File "/home/mamatha/anaconda3/lib/python3.13/site-packages/flwr/client/message_handler/message_handler.py", line 128, in handle_legacy_message_from_msgtype
    fit_res = maybe_call_fit(
        client=client,
        fit_ins=recorddict_to_fitins(message.content, keep_input=True),
    )
  File "/home/mamatha/anaconda3/lib/python3.13/site-packages/flwr/client/client.py", line 224, in maybe_call_fit
    return client.fit(fit_ins)
           ~~~~~~~~~~^^^^^^^^^
  File "/home/mamatha/anaconda3/lib/python3.13/site-packages/flwr/client/numpy_client.py", line 227, in _fit
    results = self.numpy_client.fit(parameters, ins.config)  # type: ignore
  File "/home/mamatha/ME/Research/Hands-On/flower_tutorial/client.py", line 48, in fit
    optim = torch.optim.SGD(self.model.parameters, lr=lr, momentum=momentum)
  File "/home/mamatha/anaconda3/lib/python3.13/site-packages/torch/optim/sgd.py", line 65, in __init__
    super().__init__(params, defaults)
    ~~~~~~~~~~~~~~~~^^^^^^^^^^^^^^^^^^
  File "/home/mamatha/anaconda3/lib/python3.13/site-packages/torch/optim/optimizer.py", line 393, in __init__
    param_groups = list(params)
TypeError: 'method' object is not iterable

The above exception was the direct cause of the following exception:

[36mray::ClientAppActor.run()[39m (pid=24767, ip=10.100.14.161, actor_id=fc4d17f678c1f1de737958cc01000000, repr=<flwr.simulation.ray_transport.ray_actor.ClientAppActor object at 0x7f34384e1010>)
  File "/home/mamatha/anaconda3/lib/python3.13/site-packages/flwr/simulation/ray_transport/ray_actor.py", line 64, in run
    raise ClientAppException(str(ex)) from ex
flwr.client.client_app.ClientAppException: 
Exception ClientAppException occurred. Message: 'method' object is not iterable
[2025-10-15 15:12:19,173][flwr][ERROR] - Traceback (most recent call last):
  File "/home/mamatha/anaconda3/lib/python3.13/site-packages/flwr/simulation/ray_transport/ray_client_proxy.py", line 95, in _submit_job
    out_mssg, updated_context = self.actor_pool.get_client_result(
                                ~~~~~~~~~~~~~~~~~~~~~~~~~~~~~~~~~^
        partition_id_str, timeout
        ^^^^^^^^^^^^^^^^^^^^^^^^^
    )
    ^
  File "/home/mamatha/anaconda3/lib/python3.13/site-packages/flwr/simulation/ray_transport/ray_actor.py", line 401, in get_client_result
    return self._fetch_future_result(cid)
           ~~~~~~~~~~~~~~~~~~~~~~~~~^^^^^
  File "/home/mamatha/anaconda3/lib/python3.13/site-packages/flwr/simulation/ray_transport/ray_actor.py", line 282, in _fetch_future_result
    res_cid, out_mssg, updated_context = ray.get(
                                         ~~~~~~~^
        future
        ^^^^^^
    )  # type: (str, Message, Context)
    ^
  File "/home/mamatha/anaconda3/lib/python3.13/site-packages/ray/_private/auto_init_hook.py", line 22, in auto_init_wrapper
    return fn(*args, **kwargs)
  File "/home/mamatha/anaconda3/lib/python3.13/site-packages/ray/_private/client_mode_hook.py", line 104, in wrapper
    return func(*args, **kwargs)
  File "/home/mamatha/anaconda3/lib/python3.13/site-packages/ray/_private/worker.py", line 2962, in get
    values, debugger_breakpoint = worker.get_objects(
                                  ~~~~~~~~~~~~~~~~~~^
        object_refs, timeout=timeout, _tensor_transport=_tensor_transport
        ^^^^^^^^^^^^^^^^^^^^^^^^^^^^^^^^^^^^^^^^^^^^^^^^^^^^^^^^^^^^^^^^^
    )
    ^
  File "/home/mamatha/anaconda3/lib/python3.13/site-packages/ray/_private/worker.py", line 1026, in get_objects
    raise value.as_instanceof_cause()
ray.exceptions.RayTaskError(ClientAppException): [36mray::ClientAppActor.run()[39m (pid=24754, ip=10.100.14.161, actor_id=2297b4a9c45361957c33767901000000, repr=<flwr.simulation.ray_transport.ray_actor.ClientAppActor object at 0x7f4c6825d010>)
  File "/home/mamatha/anaconda3/lib/python3.13/site-packages/flwr/client/client_app.py", line 144, in __call__
    return self._call(message, context)
           ~~~~~~~~~~^^^^^^^^^^^^^^^^^^
  File "/home/mamatha/anaconda3/lib/python3.13/site-packages/flwr/client/client_app.py", line 128, in ffn
    out_message = handle_legacy_message_from_msgtype(
        client_fn=client_fn, message=message, context=context
    )
  File "/home/mamatha/anaconda3/lib/python3.13/site-packages/flwr/client/message_handler/message_handler.py", line 128, in handle_legacy_message_from_msgtype
    fit_res = maybe_call_fit(
        client=client,
        fit_ins=recorddict_to_fitins(message.content, keep_input=True),
    )
  File "/home/mamatha/anaconda3/lib/python3.13/site-packages/flwr/client/client.py", line 224, in maybe_call_fit
    return client.fit(fit_ins)
           ~~~~~~~~~~^^^^^^^^^
  File "/home/mamatha/anaconda3/lib/python3.13/site-packages/flwr/client/numpy_client.py", line 227, in _fit
    results = self.numpy_client.fit(parameters, ins.config)  # type: ignore
  File "/home/mamatha/ME/Research/Hands-On/flower_tutorial/client.py", line 48, in fit
    optim = torch.optim.SGD(self.model.parameters, lr=lr, momentum=momentum)
  File "/home/mamatha/anaconda3/lib/python3.13/site-packages/torch/optim/sgd.py", line 65, in __init__
    super().__init__(params, defaults)
    ~~~~~~~~~~~~~~~~^^^^^^^^^^^^^^^^^^
  File "/home/mamatha/anaconda3/lib/python3.13/site-packages/torch/optim/optimizer.py", line 393, in __init__
    param_groups = list(params)
TypeError: 'method' object is not iterable

The above exception was the direct cause of the following exception:

[36mray::ClientAppActor.run()[39m (pid=24754, ip=10.100.14.161, actor_id=2297b4a9c45361957c33767901000000, repr=<flwr.simulation.ray_transport.ray_actor.ClientAppActor object at 0x7f4c6825d010>)
  File "/home/mamatha/anaconda3/lib/python3.13/site-packages/flwr/simulation/ray_transport/ray_actor.py", line 64, in run
    raise ClientAppException(str(ex)) from ex
flwr.client.client_app.ClientAppException: 
Exception ClientAppException occurred. Message: 'method' object is not iterable

[2025-10-15 15:12:19,173][flwr][ERROR] - [36mray::ClientAppActor.run()[39m (pid=24754, ip=10.100.14.161, actor_id=2297b4a9c45361957c33767901000000, repr=<flwr.simulation.ray_transport.ray_actor.ClientAppActor object at 0x7f4c6825d010>)
  File "/home/mamatha/anaconda3/lib/python3.13/site-packages/flwr/client/client_app.py", line 144, in __call__
    return self._call(message, context)
           ~~~~~~~~~~^^^^^^^^^^^^^^^^^^
  File "/home/mamatha/anaconda3/lib/python3.13/site-packages/flwr/client/client_app.py", line 128, in ffn
    out_message = handle_legacy_message_from_msgtype(
        client_fn=client_fn, message=message, context=context
    )
  File "/home/mamatha/anaconda3/lib/python3.13/site-packages/flwr/client/message_handler/message_handler.py", line 128, in handle_legacy_message_from_msgtype
    fit_res = maybe_call_fit(
        client=client,
        fit_ins=recorddict_to_fitins(message.content, keep_input=True),
    )
  File "/home/mamatha/anaconda3/lib/python3.13/site-packages/flwr/client/client.py", line 224, in maybe_call_fit
    return client.fit(fit_ins)
           ~~~~~~~~~~^^^^^^^^^
  File "/home/mamatha/anaconda3/lib/python3.13/site-packages/flwr/client/numpy_client.py", line 227, in _fit
    results = self.numpy_client.fit(parameters, ins.config)  # type: ignore
  File "/home/mamatha/ME/Research/Hands-On/flower_tutorial/client.py", line 48, in fit
    optim = torch.optim.SGD(self.model.parameters, lr=lr, momentum=momentum)
  File "/home/mamatha/anaconda3/lib/python3.13/site-packages/torch/optim/sgd.py", line 65, in __init__
    super().__init__(params, defaults)
    ~~~~~~~~~~~~~~~~^^^^^^^^^^^^^^^^^^
  File "/home/mamatha/anaconda3/lib/python3.13/site-packages/torch/optim/optimizer.py", line 393, in __init__
    param_groups = list(params)
TypeError: 'method' object is not iterable

The above exception was the direct cause of the following exception:

[36mray::ClientAppActor.run()[39m (pid=24754, ip=10.100.14.161, actor_id=2297b4a9c45361957c33767901000000, repr=<flwr.simulation.ray_transport.ray_actor.ClientAppActor object at 0x7f4c6825d010>)
  File "/home/mamatha/anaconda3/lib/python3.13/site-packages/flwr/simulation/ray_transport/ray_actor.py", line 64, in run
    raise ClientAppException(str(ex)) from ex
flwr.client.client_app.ClientAppException: 
Exception ClientAppException occurred. Message: 'method' object is not iterable
[2025-10-15 15:12:19,231][flwr][ERROR] - Traceback (most recent call last):
  File "/home/mamatha/anaconda3/lib/python3.13/site-packages/flwr/simulation/ray_transport/ray_client_proxy.py", line 95, in _submit_job
    out_mssg, updated_context = self.actor_pool.get_client_result(
                                ~~~~~~~~~~~~~~~~~~~~~~~~~~~~~~~~~^
        partition_id_str, timeout
        ^^^^^^^^^^^^^^^^^^^^^^^^^
    )
    ^
  File "/home/mamatha/anaconda3/lib/python3.13/site-packages/flwr/simulation/ray_transport/ray_actor.py", line 401, in get_client_result
    return self._fetch_future_result(cid)
           ~~~~~~~~~~~~~~~~~~~~~~~~~^^^^^
  File "/home/mamatha/anaconda3/lib/python3.13/site-packages/flwr/simulation/ray_transport/ray_actor.py", line 282, in _fetch_future_result
    res_cid, out_mssg, updated_context = ray.get(
                                         ~~~~~~~^
        future
        ^^^^^^
    )  # type: (str, Message, Context)
    ^
  File "/home/mamatha/anaconda3/lib/python3.13/site-packages/ray/_private/auto_init_hook.py", line 22, in auto_init_wrapper
    return fn(*args, **kwargs)
  File "/home/mamatha/anaconda3/lib/python3.13/site-packages/ray/_private/client_mode_hook.py", line 104, in wrapper
    return func(*args, **kwargs)
  File "/home/mamatha/anaconda3/lib/python3.13/site-packages/ray/_private/worker.py", line 2962, in get
    values, debugger_breakpoint = worker.get_objects(
                                  ~~~~~~~~~~~~~~~~~~^
        object_refs, timeout=timeout, _tensor_transport=_tensor_transport
        ^^^^^^^^^^^^^^^^^^^^^^^^^^^^^^^^^^^^^^^^^^^^^^^^^^^^^^^^^^^^^^^^^
    )
    ^
  File "/home/mamatha/anaconda3/lib/python3.13/site-packages/ray/_private/worker.py", line 1026, in get_objects
    raise value.as_instanceof_cause()
ray.exceptions.RayTaskError(ClientAppException): [36mray::ClientAppActor.run()[39m (pid=24756, ip=10.100.14.161, actor_id=cf4d3d34d1834ef15601653c01000000, repr=<flwr.simulation.ray_transport.ray_actor.ClientAppActor object at 0x7f99d0745010>)
  File "/home/mamatha/anaconda3/lib/python3.13/site-packages/flwr/client/client_app.py", line 144, in __call__
    return self._call(message, context)
           ~~~~~~~~~~^^^^^^^^^^^^^^^^^^
  File "/home/mamatha/anaconda3/lib/python3.13/site-packages/flwr/client/client_app.py", line 128, in ffn
    out_message = handle_legacy_message_from_msgtype(
        client_fn=client_fn, message=message, context=context
    )
  File "/home/mamatha/anaconda3/lib/python3.13/site-packages/flwr/client/message_handler/message_handler.py", line 128, in handle_legacy_message_from_msgtype
    fit_res = maybe_call_fit(
        client=client,
        fit_ins=recorddict_to_fitins(message.content, keep_input=True),
    )
  File "/home/mamatha/anaconda3/lib/python3.13/site-packages/flwr/client/client.py", line 224, in maybe_call_fit
    return client.fit(fit_ins)
           ~~~~~~~~~~^^^^^^^^^
  File "/home/mamatha/anaconda3/lib/python3.13/site-packages/flwr/client/numpy_client.py", line 227, in _fit
    results = self.numpy_client.fit(parameters, ins.config)  # type: ignore
  File "/home/mamatha/ME/Research/Hands-On/flower_tutorial/client.py", line 48, in fit
    optim = torch.optim.SGD(self.model.parameters, lr=lr, momentum=momentum)
  File "/home/mamatha/anaconda3/lib/python3.13/site-packages/torch/optim/sgd.py", line 65, in __init__
    super().__init__(params, defaults)
    ~~~~~~~~~~~~~~~~^^^^^^^^^^^^^^^^^^
  File "/home/mamatha/anaconda3/lib/python3.13/site-packages/torch/optim/optimizer.py", line 393, in __init__
    param_groups = list(params)
TypeError: 'method' object is not iterable

The above exception was the direct cause of the following exception:

[36mray::ClientAppActor.run()[39m (pid=24756, ip=10.100.14.161, actor_id=cf4d3d34d1834ef15601653c01000000, repr=<flwr.simulation.ray_transport.ray_actor.ClientAppActor object at 0x7f99d0745010>)
  File "/home/mamatha/anaconda3/lib/python3.13/site-packages/flwr/simulation/ray_transport/ray_actor.py", line 64, in run
    raise ClientAppException(str(ex)) from ex
flwr.client.client_app.ClientAppException: 
Exception ClientAppException occurred. Message: 'method' object is not iterable

[2025-10-15 15:12:19,231][flwr][ERROR] - [36mray::ClientAppActor.run()[39m (pid=24756, ip=10.100.14.161, actor_id=cf4d3d34d1834ef15601653c01000000, repr=<flwr.simulation.ray_transport.ray_actor.ClientAppActor object at 0x7f99d0745010>)
  File "/home/mamatha/anaconda3/lib/python3.13/site-packages/flwr/client/client_app.py", line 144, in __call__
    return self._call(message, context)
           ~~~~~~~~~~^^^^^^^^^^^^^^^^^^
  File "/home/mamatha/anaconda3/lib/python3.13/site-packages/flwr/client/client_app.py", line 128, in ffn
    out_message = handle_legacy_message_from_msgtype(
        client_fn=client_fn, message=message, context=context
    )
  File "/home/mamatha/anaconda3/lib/python3.13/site-packages/flwr/client/message_handler/message_handler.py", line 128, in handle_legacy_message_from_msgtype
    fit_res = maybe_call_fit(
        client=client,
        fit_ins=recorddict_to_fitins(message.content, keep_input=True),
    )
  File "/home/mamatha/anaconda3/lib/python3.13/site-packages/flwr/client/client.py", line 224, in maybe_call_fit
    return client.fit(fit_ins)
           ~~~~~~~~~~^^^^^^^^^
  File "/home/mamatha/anaconda3/lib/python3.13/site-packages/flwr/client/numpy_client.py", line 227, in _fit
    results = self.numpy_client.fit(parameters, ins.config)  # type: ignore
  File "/home/mamatha/ME/Research/Hands-On/flower_tutorial/client.py", line 48, in fit
    optim = torch.optim.SGD(self.model.parameters, lr=lr, momentum=momentum)
  File "/home/mamatha/anaconda3/lib/python3.13/site-packages/torch/optim/sgd.py", line 65, in __init__
    super().__init__(params, defaults)
    ~~~~~~~~~~~~~~~~^^^^^^^^^^^^^^^^^^
  File "/home/mamatha/anaconda3/lib/python3.13/site-packages/torch/optim/optimizer.py", line 393, in __init__
    param_groups = list(params)
TypeError: 'method' object is not iterable

The above exception was the direct cause of the following exception:

[36mray::ClientAppActor.run()[39m (pid=24756, ip=10.100.14.161, actor_id=cf4d3d34d1834ef15601653c01000000, repr=<flwr.simulation.ray_transport.ray_actor.ClientAppActor object at 0x7f99d0745010>)
  File "/home/mamatha/anaconda3/lib/python3.13/site-packages/flwr/simulation/ray_transport/ray_actor.py", line 64, in run
    raise ClientAppException(str(ex)) from ex
flwr.client.client_app.ClientAppException: 
Exception ClientAppException occurred. Message: 'method' object is not iterable
[2025-10-15 15:12:19,286][flwr][ERROR] - Traceback (most recent call last):
  File "/home/mamatha/anaconda3/lib/python3.13/site-packages/flwr/simulation/ray_transport/ray_client_proxy.py", line 95, in _submit_job
    out_mssg, updated_context = self.actor_pool.get_client_result(
                                ~~~~~~~~~~~~~~~~~~~~~~~~~~~~~~~~~^
        partition_id_str, timeout
        ^^^^^^^^^^^^^^^^^^^^^^^^^
    )
    ^
  File "/home/mamatha/anaconda3/lib/python3.13/site-packages/flwr/simulation/ray_transport/ray_actor.py", line 401, in get_client_result
    return self._fetch_future_result(cid)
           ~~~~~~~~~~~~~~~~~~~~~~~~~^^^^^
  File "/home/mamatha/anaconda3/lib/python3.13/site-packages/flwr/simulation/ray_transport/ray_actor.py", line 282, in _fetch_future_result
    res_cid, out_mssg, updated_context = ray.get(
                                         ~~~~~~~^
        future
        ^^^^^^
    )  # type: (str, Message, Context)
    ^
  File "/home/mamatha/anaconda3/lib/python3.13/site-packages/ray/_private/auto_init_hook.py", line 22, in auto_init_wrapper
    return fn(*args, **kwargs)
  File "/home/mamatha/anaconda3/lib/python3.13/site-packages/ray/_private/client_mode_hook.py", line 104, in wrapper
    return func(*args, **kwargs)
  File "/home/mamatha/anaconda3/lib/python3.13/site-packages/ray/_private/worker.py", line 2962, in get
    values, debugger_breakpoint = worker.get_objects(
                                  ~~~~~~~~~~~~~~~~~~^
        object_refs, timeout=timeout, _tensor_transport=_tensor_transport
        ^^^^^^^^^^^^^^^^^^^^^^^^^^^^^^^^^^^^^^^^^^^^^^^^^^^^^^^^^^^^^^^^^
    )
    ^
  File "/home/mamatha/anaconda3/lib/python3.13/site-packages/ray/_private/worker.py", line 1026, in get_objects
    raise value.as_instanceof_cause()
ray.exceptions.RayTaskError(ClientAppException): [36mray::ClientAppActor.run()[39m (pid=24755, ip=10.100.14.161, actor_id=29b367441bd8158c80a41a6901000000, repr=<flwr.simulation.ray_transport.ray_actor.ClientAppActor object at 0x7f8dac0b1010>)
  File "/home/mamatha/anaconda3/lib/python3.13/site-packages/flwr/client/client_app.py", line 144, in __call__
    return self._call(message, context)
           ~~~~~~~~~~^^^^^^^^^^^^^^^^^^
  File "/home/mamatha/anaconda3/lib/python3.13/site-packages/flwr/client/client_app.py", line 128, in ffn
    out_message = handle_legacy_message_from_msgtype(
        client_fn=client_fn, message=message, context=context
    )
  File "/home/mamatha/anaconda3/lib/python3.13/site-packages/flwr/client/message_handler/message_handler.py", line 128, in handle_legacy_message_from_msgtype
    fit_res = maybe_call_fit(
        client=client,
        fit_ins=recorddict_to_fitins(message.content, keep_input=True),
    )
  File "/home/mamatha/anaconda3/lib/python3.13/site-packages/flwr/client/client.py", line 224, in maybe_call_fit
    return client.fit(fit_ins)
           ~~~~~~~~~~^^^^^^^^^
  File "/home/mamatha/anaconda3/lib/python3.13/site-packages/flwr/client/numpy_client.py", line 227, in _fit
    results = self.numpy_client.fit(parameters, ins.config)  # type: ignore
  File "/home/mamatha/ME/Research/Hands-On/flower_tutorial/client.py", line 48, in fit
    optim = torch.optim.SGD(self.model.parameters, lr=lr, momentum=momentum)
  File "/home/mamatha/anaconda3/lib/python3.13/site-packages/torch/optim/sgd.py", line 65, in __init__
    super().__init__(params, defaults)
    ~~~~~~~~~~~~~~~~^^^^^^^^^^^^^^^^^^
  File "/home/mamatha/anaconda3/lib/python3.13/site-packages/torch/optim/optimizer.py", line 393, in __init__
    param_groups = list(params)
TypeError: 'method' object is not iterable

The above exception was the direct cause of the following exception:

[36mray::ClientAppActor.run()[39m (pid=24755, ip=10.100.14.161, actor_id=29b367441bd8158c80a41a6901000000, repr=<flwr.simulation.ray_transport.ray_actor.ClientAppActor object at 0x7f8dac0b1010>)
  File "/home/mamatha/anaconda3/lib/python3.13/site-packages/flwr/simulation/ray_transport/ray_actor.py", line 64, in run
    raise ClientAppException(str(ex)) from ex
flwr.client.client_app.ClientAppException: 
Exception ClientAppException occurred. Message: 'method' object is not iterable

[2025-10-15 15:12:19,286][flwr][ERROR] - [36mray::ClientAppActor.run()[39m (pid=24755, ip=10.100.14.161, actor_id=29b367441bd8158c80a41a6901000000, repr=<flwr.simulation.ray_transport.ray_actor.ClientAppActor object at 0x7f8dac0b1010>)
  File "/home/mamatha/anaconda3/lib/python3.13/site-packages/flwr/client/client_app.py", line 144, in __call__
    return self._call(message, context)
           ~~~~~~~~~~^^^^^^^^^^^^^^^^^^
  File "/home/mamatha/anaconda3/lib/python3.13/site-packages/flwr/client/client_app.py", line 128, in ffn
    out_message = handle_legacy_message_from_msgtype(
        client_fn=client_fn, message=message, context=context
    )
  File "/home/mamatha/anaconda3/lib/python3.13/site-packages/flwr/client/message_handler/message_handler.py", line 128, in handle_legacy_message_from_msgtype
    fit_res = maybe_call_fit(
        client=client,
        fit_ins=recorddict_to_fitins(message.content, keep_input=True),
    )
  File "/home/mamatha/anaconda3/lib/python3.13/site-packages/flwr/client/client.py", line 224, in maybe_call_fit
    return client.fit(fit_ins)
           ~~~~~~~~~~^^^^^^^^^
  File "/home/mamatha/anaconda3/lib/python3.13/site-packages/flwr/client/numpy_client.py", line 227, in _fit
    results = self.numpy_client.fit(parameters, ins.config)  # type: ignore
  File "/home/mamatha/ME/Research/Hands-On/flower_tutorial/client.py", line 48, in fit
    optim = torch.optim.SGD(self.model.parameters, lr=lr, momentum=momentum)
  File "/home/mamatha/anaconda3/lib/python3.13/site-packages/torch/optim/sgd.py", line 65, in __init__
    super().__init__(params, defaults)
    ~~~~~~~~~~~~~~~~^^^^^^^^^^^^^^^^^^
  File "/home/mamatha/anaconda3/lib/python3.13/site-packages/torch/optim/optimizer.py", line 393, in __init__
    param_groups = list(params)
TypeError: 'method' object is not iterable

The above exception was the direct cause of the following exception:

[36mray::ClientAppActor.run()[39m (pid=24755, ip=10.100.14.161, actor_id=29b367441bd8158c80a41a6901000000, repr=<flwr.simulation.ray_transport.ray_actor.ClientAppActor object at 0x7f8dac0b1010>)
  File "/home/mamatha/anaconda3/lib/python3.13/site-packages/flwr/simulation/ray_transport/ray_actor.py", line 64, in run
    raise ClientAppException(str(ex)) from ex
flwr.client.client_app.ClientAppException: 
Exception ClientAppException occurred. Message: 'method' object is not iterable
[2025-10-15 15:12:19,322][flwr][ERROR] - Traceback (most recent call last):
  File "/home/mamatha/anaconda3/lib/python3.13/site-packages/flwr/simulation/ray_transport/ray_client_proxy.py", line 95, in _submit_job
    out_mssg, updated_context = self.actor_pool.get_client_result(
                                ~~~~~~~~~~~~~~~~~~~~~~~~~~~~~~~~~^
        partition_id_str, timeout
        ^^^^^^^^^^^^^^^^^^^^^^^^^
    )
    ^
  File "/home/mamatha/anaconda3/lib/python3.13/site-packages/flwr/simulation/ray_transport/ray_actor.py", line 401, in get_client_result
    return self._fetch_future_result(cid)
           ~~~~~~~~~~~~~~~~~~~~~~~~~^^^^^
  File "/home/mamatha/anaconda3/lib/python3.13/site-packages/flwr/simulation/ray_transport/ray_actor.py", line 282, in _fetch_future_result
    res_cid, out_mssg, updated_context = ray.get(
                                         ~~~~~~~^
        future
        ^^^^^^
    )  # type: (str, Message, Context)
    ^
  File "/home/mamatha/anaconda3/lib/python3.13/site-packages/ray/_private/auto_init_hook.py", line 22, in auto_init_wrapper
    return fn(*args, **kwargs)
  File "/home/mamatha/anaconda3/lib/python3.13/site-packages/ray/_private/client_mode_hook.py", line 104, in wrapper
    return func(*args, **kwargs)
  File "/home/mamatha/anaconda3/lib/python3.13/site-packages/ray/_private/worker.py", line 2962, in get
    values, debugger_breakpoint = worker.get_objects(
                                  ~~~~~~~~~~~~~~~~~~^
        object_refs, timeout=timeout, _tensor_transport=_tensor_transport
        ^^^^^^^^^^^^^^^^^^^^^^^^^^^^^^^^^^^^^^^^^^^^^^^^^^^^^^^^^^^^^^^^^
    )
    ^
  File "/home/mamatha/anaconda3/lib/python3.13/site-packages/ray/_private/worker.py", line 1026, in get_objects
    raise value.as_instanceof_cause()
ray.exceptions.RayTaskError(ClientAppException): [36mray::ClientAppActor.run()[39m (pid=24768, ip=10.100.14.161, actor_id=895a8d36ba480cc3e5b411a601000000, repr=<flwr.simulation.ray_transport.ray_actor.ClientAppActor object at 0x7f6324749010>)
  File "/home/mamatha/anaconda3/lib/python3.13/site-packages/flwr/client/client_app.py", line 144, in __call__
    return self._call(message, context)
           ~~~~~~~~~~^^^^^^^^^^^^^^^^^^
  File "/home/mamatha/anaconda3/lib/python3.13/site-packages/flwr/client/client_app.py", line 128, in ffn
    out_message = handle_legacy_message_from_msgtype(
        client_fn=client_fn, message=message, context=context
    )
  File "/home/mamatha/anaconda3/lib/python3.13/site-packages/flwr/client/message_handler/message_handler.py", line 128, in handle_legacy_message_from_msgtype
    fit_res = maybe_call_fit(
        client=client,
        fit_ins=recorddict_to_fitins(message.content, keep_input=True),
    )
  File "/home/mamatha/anaconda3/lib/python3.13/site-packages/flwr/client/client.py", line 224, in maybe_call_fit
    return client.fit(fit_ins)
           ~~~~~~~~~~^^^^^^^^^
  File "/home/mamatha/anaconda3/lib/python3.13/site-packages/flwr/client/numpy_client.py", line 227, in _fit
    results = self.numpy_client.fit(parameters, ins.config)  # type: ignore
  File "/home/mamatha/ME/Research/Hands-On/flower_tutorial/client.py", line 48, in fit
    optim = torch.optim.SGD(self.model.parameters, lr=lr, momentum=momentum)
  File "/home/mamatha/anaconda3/lib/python3.13/site-packages/torch/optim/sgd.py", line 65, in __init__
    super().__init__(params, defaults)
    ~~~~~~~~~~~~~~~~^^^^^^^^^^^^^^^^^^
  File "/home/mamatha/anaconda3/lib/python3.13/site-packages/torch/optim/optimizer.py", line 393, in __init__
    param_groups = list(params)
TypeError: 'method' object is not iterable

The above exception was the direct cause of the following exception:

[36mray::ClientAppActor.run()[39m (pid=24768, ip=10.100.14.161, actor_id=895a8d36ba480cc3e5b411a601000000, repr=<flwr.simulation.ray_transport.ray_actor.ClientAppActor object at 0x7f6324749010>)
  File "/home/mamatha/anaconda3/lib/python3.13/site-packages/flwr/simulation/ray_transport/ray_actor.py", line 64, in run
    raise ClientAppException(str(ex)) from ex
flwr.client.client_app.ClientAppException: 
Exception ClientAppException occurred. Message: 'method' object is not iterable

[2025-10-15 15:12:19,322][flwr][ERROR] - [36mray::ClientAppActor.run()[39m (pid=24768, ip=10.100.14.161, actor_id=895a8d36ba480cc3e5b411a601000000, repr=<flwr.simulation.ray_transport.ray_actor.ClientAppActor object at 0x7f6324749010>)
  File "/home/mamatha/anaconda3/lib/python3.13/site-packages/flwr/client/client_app.py", line 144, in __call__
    return self._call(message, context)
           ~~~~~~~~~~^^^^^^^^^^^^^^^^^^
  File "/home/mamatha/anaconda3/lib/python3.13/site-packages/flwr/client/client_app.py", line 128, in ffn
    out_message = handle_legacy_message_from_msgtype(
        client_fn=client_fn, message=message, context=context
    )
  File "/home/mamatha/anaconda3/lib/python3.13/site-packages/flwr/client/message_handler/message_handler.py", line 128, in handle_legacy_message_from_msgtype
    fit_res = maybe_call_fit(
        client=client,
        fit_ins=recorddict_to_fitins(message.content, keep_input=True),
    )
  File "/home/mamatha/anaconda3/lib/python3.13/site-packages/flwr/client/client.py", line 224, in maybe_call_fit
    return client.fit(fit_ins)
           ~~~~~~~~~~^^^^^^^^^
  File "/home/mamatha/anaconda3/lib/python3.13/site-packages/flwr/client/numpy_client.py", line 227, in _fit
    results = self.numpy_client.fit(parameters, ins.config)  # type: ignore
  File "/home/mamatha/ME/Research/Hands-On/flower_tutorial/client.py", line 48, in fit
    optim = torch.optim.SGD(self.model.parameters, lr=lr, momentum=momentum)
  File "/home/mamatha/anaconda3/lib/python3.13/site-packages/torch/optim/sgd.py", line 65, in __init__
    super().__init__(params, defaults)
    ~~~~~~~~~~~~~~~~^^^^^^^^^^^^^^^^^^
  File "/home/mamatha/anaconda3/lib/python3.13/site-packages/torch/optim/optimizer.py", line 393, in __init__
    param_groups = list(params)
TypeError: 'method' object is not iterable

The above exception was the direct cause of the following exception:

[36mray::ClientAppActor.run()[39m (pid=24768, ip=10.100.14.161, actor_id=895a8d36ba480cc3e5b411a601000000, repr=<flwr.simulation.ray_transport.ray_actor.ClientAppActor object at 0x7f6324749010>)
  File "/home/mamatha/anaconda3/lib/python3.13/site-packages/flwr/simulation/ray_transport/ray_actor.py", line 64, in run
    raise ClientAppException(str(ex)) from ex
flwr.client.client_app.ClientAppException: 
Exception ClientAppException occurred. Message: 'method' object is not iterable
[2025-10-15 15:12:19,377][flwr][ERROR] - Traceback (most recent call last):
  File "/home/mamatha/anaconda3/lib/python3.13/site-packages/flwr/simulation/ray_transport/ray_client_proxy.py", line 95, in _submit_job
    out_mssg, updated_context = self.actor_pool.get_client_result(
                                ~~~~~~~~~~~~~~~~~~~~~~~~~~~~~~~~~^
        partition_id_str, timeout
        ^^^^^^^^^^^^^^^^^^^^^^^^^
    )
    ^
  File "/home/mamatha/anaconda3/lib/python3.13/site-packages/flwr/simulation/ray_transport/ray_actor.py", line 401, in get_client_result
    return self._fetch_future_result(cid)
           ~~~~~~~~~~~~~~~~~~~~~~~~~^^^^^
  File "/home/mamatha/anaconda3/lib/python3.13/site-packages/flwr/simulation/ray_transport/ray_actor.py", line 282, in _fetch_future_result
    res_cid, out_mssg, updated_context = ray.get(
                                         ~~~~~~~^
        future
        ^^^^^^
    )  # type: (str, Message, Context)
    ^
  File "/home/mamatha/anaconda3/lib/python3.13/site-packages/ray/_private/auto_init_hook.py", line 22, in auto_init_wrapper
    return fn(*args, **kwargs)
  File "/home/mamatha/anaconda3/lib/python3.13/site-packages/ray/_private/client_mode_hook.py", line 104, in wrapper
    return func(*args, **kwargs)
  File "/home/mamatha/anaconda3/lib/python3.13/site-packages/ray/_private/worker.py", line 2962, in get
    values, debugger_breakpoint = worker.get_objects(
                                  ~~~~~~~~~~~~~~~~~~^
        object_refs, timeout=timeout, _tensor_transport=_tensor_transport
        ^^^^^^^^^^^^^^^^^^^^^^^^^^^^^^^^^^^^^^^^^^^^^^^^^^^^^^^^^^^^^^^^^
    )
    ^
  File "/home/mamatha/anaconda3/lib/python3.13/site-packages/ray/_private/worker.py", line 1026, in get_objects
    raise value.as_instanceof_cause()
ray.exceptions.RayTaskError(ClientAppException): [36mray::ClientAppActor.run()[39m (pid=24765, ip=10.100.14.161, actor_id=193ec822b022bc51a1a3fecc01000000, repr=<flwr.simulation.ray_transport.ray_actor.ClientAppActor object at 0x7f031015d010>)
  File "/home/mamatha/anaconda3/lib/python3.13/site-packages/flwr/client/client_app.py", line 144, in __call__
    return self._call(message, context)
           ~~~~~~~~~~^^^^^^^^^^^^^^^^^^
  File "/home/mamatha/anaconda3/lib/python3.13/site-packages/flwr/client/client_app.py", line 128, in ffn
    out_message = handle_legacy_message_from_msgtype(
        client_fn=client_fn, message=message, context=context
    )
  File "/home/mamatha/anaconda3/lib/python3.13/site-packages/flwr/client/message_handler/message_handler.py", line 128, in handle_legacy_message_from_msgtype
    fit_res = maybe_call_fit(
        client=client,
        fit_ins=recorddict_to_fitins(message.content, keep_input=True),
    )
  File "/home/mamatha/anaconda3/lib/python3.13/site-packages/flwr/client/client.py", line 224, in maybe_call_fit
    return client.fit(fit_ins)
           ~~~~~~~~~~^^^^^^^^^
  File "/home/mamatha/anaconda3/lib/python3.13/site-packages/flwr/client/numpy_client.py", line 227, in _fit
    results = self.numpy_client.fit(parameters, ins.config)  # type: ignore
  File "/home/mamatha/ME/Research/Hands-On/flower_tutorial/client.py", line 48, in fit
    optim = torch.optim.SGD(self.model.parameters, lr=lr, momentum=momentum)
  File "/home/mamatha/anaconda3/lib/python3.13/site-packages/torch/optim/sgd.py", line 65, in __init__
    super().__init__(params, defaults)
    ~~~~~~~~~~~~~~~~^^^^^^^^^^^^^^^^^^
  File "/home/mamatha/anaconda3/lib/python3.13/site-packages/torch/optim/optimizer.py", line 393, in __init__
    param_groups = list(params)
TypeError: 'method' object is not iterable

The above exception was the direct cause of the following exception:

[36mray::ClientAppActor.run()[39m (pid=24765, ip=10.100.14.161, actor_id=193ec822b022bc51a1a3fecc01000000, repr=<flwr.simulation.ray_transport.ray_actor.ClientAppActor object at 0x7f031015d010>)
  File "/home/mamatha/anaconda3/lib/python3.13/site-packages/flwr/simulation/ray_transport/ray_actor.py", line 64, in run
    raise ClientAppException(str(ex)) from ex
flwr.client.client_app.ClientAppException: 
Exception ClientAppException occurred. Message: 'method' object is not iterable

[2025-10-15 15:12:19,377][flwr][ERROR] - [36mray::ClientAppActor.run()[39m (pid=24765, ip=10.100.14.161, actor_id=193ec822b022bc51a1a3fecc01000000, repr=<flwr.simulation.ray_transport.ray_actor.ClientAppActor object at 0x7f031015d010>)
  File "/home/mamatha/anaconda3/lib/python3.13/site-packages/flwr/client/client_app.py", line 144, in __call__
    return self._call(message, context)
           ~~~~~~~~~~^^^^^^^^^^^^^^^^^^
  File "/home/mamatha/anaconda3/lib/python3.13/site-packages/flwr/client/client_app.py", line 128, in ffn
    out_message = handle_legacy_message_from_msgtype(
        client_fn=client_fn, message=message, context=context
    )
  File "/home/mamatha/anaconda3/lib/python3.13/site-packages/flwr/client/message_handler/message_handler.py", line 128, in handle_legacy_message_from_msgtype
    fit_res = maybe_call_fit(
        client=client,
        fit_ins=recorddict_to_fitins(message.content, keep_input=True),
    )
  File "/home/mamatha/anaconda3/lib/python3.13/site-packages/flwr/client/client.py", line 224, in maybe_call_fit
    return client.fit(fit_ins)
           ~~~~~~~~~~^^^^^^^^^
  File "/home/mamatha/anaconda3/lib/python3.13/site-packages/flwr/client/numpy_client.py", line 227, in _fit
    results = self.numpy_client.fit(parameters, ins.config)  # type: ignore
  File "/home/mamatha/ME/Research/Hands-On/flower_tutorial/client.py", line 48, in fit
    optim = torch.optim.SGD(self.model.parameters, lr=lr, momentum=momentum)
  File "/home/mamatha/anaconda3/lib/python3.13/site-packages/torch/optim/sgd.py", line 65, in __init__
    super().__init__(params, defaults)
    ~~~~~~~~~~~~~~~~^^^^^^^^^^^^^^^^^^
  File "/home/mamatha/anaconda3/lib/python3.13/site-packages/torch/optim/optimizer.py", line 393, in __init__
    param_groups = list(params)
TypeError: 'method' object is not iterable

The above exception was the direct cause of the following exception:

[36mray::ClientAppActor.run()[39m (pid=24765, ip=10.100.14.161, actor_id=193ec822b022bc51a1a3fecc01000000, repr=<flwr.simulation.ray_transport.ray_actor.ClientAppActor object at 0x7f031015d010>)
  File "/home/mamatha/anaconda3/lib/python3.13/site-packages/flwr/simulation/ray_transport/ray_actor.py", line 64, in run
    raise ClientAppException(str(ex)) from ex
flwr.client.client_app.ClientAppException: 
Exception ClientAppException occurred. Message: 'method' object is not iterable
[2025-10-15 15:12:19,433][flwr][ERROR] - Traceback (most recent call last):
  File "/home/mamatha/anaconda3/lib/python3.13/site-packages/flwr/simulation/ray_transport/ray_client_proxy.py", line 95, in _submit_job
    out_mssg, updated_context = self.actor_pool.get_client_result(
                                ~~~~~~~~~~~~~~~~~~~~~~~~~~~~~~~~~^
        partition_id_str, timeout
        ^^^^^^^^^^^^^^^^^^^^^^^^^
    )
    ^
  File "/home/mamatha/anaconda3/lib/python3.13/site-packages/flwr/simulation/ray_transport/ray_actor.py", line 401, in get_client_result
    return self._fetch_future_result(cid)
           ~~~~~~~~~~~~~~~~~~~~~~~~~^^^^^
  File "/home/mamatha/anaconda3/lib/python3.13/site-packages/flwr/simulation/ray_transport/ray_actor.py", line 282, in _fetch_future_result
    res_cid, out_mssg, updated_context = ray.get(
                                         ~~~~~~~^
        future
        ^^^^^^
    )  # type: (str, Message, Context)
    ^
  File "/home/mamatha/anaconda3/lib/python3.13/site-packages/ray/_private/auto_init_hook.py", line 22, in auto_init_wrapper
    return fn(*args, **kwargs)
  File "/home/mamatha/anaconda3/lib/python3.13/site-packages/ray/_private/client_mode_hook.py", line 104, in wrapper
    return func(*args, **kwargs)
  File "/home/mamatha/anaconda3/lib/python3.13/site-packages/ray/_private/worker.py", line 2962, in get
    values, debugger_breakpoint = worker.get_objects(
                                  ~~~~~~~~~~~~~~~~~~^
        object_refs, timeout=timeout, _tensor_transport=_tensor_transport
        ^^^^^^^^^^^^^^^^^^^^^^^^^^^^^^^^^^^^^^^^^^^^^^^^^^^^^^^^^^^^^^^^^
    )
    ^
  File "/home/mamatha/anaconda3/lib/python3.13/site-packages/ray/_private/worker.py", line 1026, in get_objects
    raise value.as_instanceof_cause()
ray.exceptions.RayTaskError(ClientAppException): [36mray::ClientAppActor.run()[39m (pid=24760, ip=10.100.14.161, actor_id=dc983d91f7df12ef256354d501000000, repr=<flwr.simulation.ray_transport.ray_actor.ClientAppActor object at 0x7f3668369010>)
  File "/home/mamatha/anaconda3/lib/python3.13/site-packages/flwr/client/client_app.py", line 144, in __call__
    return self._call(message, context)
           ~~~~~~~~~~^^^^^^^^^^^^^^^^^^
  File "/home/mamatha/anaconda3/lib/python3.13/site-packages/flwr/client/client_app.py", line 128, in ffn
    out_message = handle_legacy_message_from_msgtype(
        client_fn=client_fn, message=message, context=context
    )
  File "/home/mamatha/anaconda3/lib/python3.13/site-packages/flwr/client/message_handler/message_handler.py", line 128, in handle_legacy_message_from_msgtype
    fit_res = maybe_call_fit(
        client=client,
        fit_ins=recorddict_to_fitins(message.content, keep_input=True),
    )
  File "/home/mamatha/anaconda3/lib/python3.13/site-packages/flwr/client/client.py", line 224, in maybe_call_fit
    return client.fit(fit_ins)
           ~~~~~~~~~~^^^^^^^^^
  File "/home/mamatha/anaconda3/lib/python3.13/site-packages/flwr/client/numpy_client.py", line 227, in _fit
    results = self.numpy_client.fit(parameters, ins.config)  # type: ignore
  File "/home/mamatha/ME/Research/Hands-On/flower_tutorial/client.py", line 48, in fit
    optim = torch.optim.SGD(self.model.parameters, lr=lr, momentum=momentum)
  File "/home/mamatha/anaconda3/lib/python3.13/site-packages/torch/optim/sgd.py", line 65, in __init__
    super().__init__(params, defaults)
    ~~~~~~~~~~~~~~~~^^^^^^^^^^^^^^^^^^
  File "/home/mamatha/anaconda3/lib/python3.13/site-packages/torch/optim/optimizer.py", line 393, in __init__
    param_groups = list(params)
TypeError: 'method' object is not iterable

The above exception was the direct cause of the following exception:

[36mray::ClientAppActor.run()[39m (pid=24760, ip=10.100.14.161, actor_id=dc983d91f7df12ef256354d501000000, repr=<flwr.simulation.ray_transport.ray_actor.ClientAppActor object at 0x7f3668369010>)
  File "/home/mamatha/anaconda3/lib/python3.13/site-packages/flwr/simulation/ray_transport/ray_actor.py", line 64, in run
    raise ClientAppException(str(ex)) from ex
flwr.client.client_app.ClientAppException: 
Exception ClientAppException occurred. Message: 'method' object is not iterable

[2025-10-15 15:12:19,433][flwr][ERROR] - [36mray::ClientAppActor.run()[39m (pid=24760, ip=10.100.14.161, actor_id=dc983d91f7df12ef256354d501000000, repr=<flwr.simulation.ray_transport.ray_actor.ClientAppActor object at 0x7f3668369010>)
  File "/home/mamatha/anaconda3/lib/python3.13/site-packages/flwr/client/client_app.py", line 144, in __call__
    return self._call(message, context)
           ~~~~~~~~~~^^^^^^^^^^^^^^^^^^
  File "/home/mamatha/anaconda3/lib/python3.13/site-packages/flwr/client/client_app.py", line 128, in ffn
    out_message = handle_legacy_message_from_msgtype(
        client_fn=client_fn, message=message, context=context
    )
  File "/home/mamatha/anaconda3/lib/python3.13/site-packages/flwr/client/message_handler/message_handler.py", line 128, in handle_legacy_message_from_msgtype
    fit_res = maybe_call_fit(
        client=client,
        fit_ins=recorddict_to_fitins(message.content, keep_input=True),
    )
  File "/home/mamatha/anaconda3/lib/python3.13/site-packages/flwr/client/client.py", line 224, in maybe_call_fit
    return client.fit(fit_ins)
           ~~~~~~~~~~^^^^^^^^^
  File "/home/mamatha/anaconda3/lib/python3.13/site-packages/flwr/client/numpy_client.py", line 227, in _fit
    results = self.numpy_client.fit(parameters, ins.config)  # type: ignore
  File "/home/mamatha/ME/Research/Hands-On/flower_tutorial/client.py", line 48, in fit
    optim = torch.optim.SGD(self.model.parameters, lr=lr, momentum=momentum)
  File "/home/mamatha/anaconda3/lib/python3.13/site-packages/torch/optim/sgd.py", line 65, in __init__
    super().__init__(params, defaults)
    ~~~~~~~~~~~~~~~~^^^^^^^^^^^^^^^^^^
  File "/home/mamatha/anaconda3/lib/python3.13/site-packages/torch/optim/optimizer.py", line 393, in __init__
    param_groups = list(params)
TypeError: 'method' object is not iterable

The above exception was the direct cause of the following exception:

[36mray::ClientAppActor.run()[39m (pid=24760, ip=10.100.14.161, actor_id=dc983d91f7df12ef256354d501000000, repr=<flwr.simulation.ray_transport.ray_actor.ClientAppActor object at 0x7f3668369010>)
  File "/home/mamatha/anaconda3/lib/python3.13/site-packages/flwr/simulation/ray_transport/ray_actor.py", line 64, in run
    raise ClientAppException(str(ex)) from ex
flwr.client.client_app.ClientAppException: 
Exception ClientAppException occurred. Message: 'method' object is not iterable
[2025-10-15 15:12:19,688][flwr][ERROR] - Traceback (most recent call last):
  File "/home/mamatha/anaconda3/lib/python3.13/site-packages/flwr/simulation/ray_transport/ray_client_proxy.py", line 95, in _submit_job
    out_mssg, updated_context = self.actor_pool.get_client_result(
                                ~~~~~~~~~~~~~~~~~~~~~~~~~~~~~~~~~^
        partition_id_str, timeout
        ^^^^^^^^^^^^^^^^^^^^^^^^^
    )
    ^
  File "/home/mamatha/anaconda3/lib/python3.13/site-packages/flwr/simulation/ray_transport/ray_actor.py", line 401, in get_client_result
    return self._fetch_future_result(cid)
           ~~~~~~~~~~~~~~~~~~~~~~~~~^^^^^
  File "/home/mamatha/anaconda3/lib/python3.13/site-packages/flwr/simulation/ray_transport/ray_actor.py", line 282, in _fetch_future_result
    res_cid, out_mssg, updated_context = ray.get(
                                         ~~~~~~~^
        future
        ^^^^^^
    )  # type: (str, Message, Context)
    ^
  File "/home/mamatha/anaconda3/lib/python3.13/site-packages/ray/_private/auto_init_hook.py", line 22, in auto_init_wrapper
    return fn(*args, **kwargs)
  File "/home/mamatha/anaconda3/lib/python3.13/site-packages/ray/_private/client_mode_hook.py", line 104, in wrapper
    return func(*args, **kwargs)
  File "/home/mamatha/anaconda3/lib/python3.13/site-packages/ray/_private/worker.py", line 2962, in get
    values, debugger_breakpoint = worker.get_objects(
                                  ~~~~~~~~~~~~~~~~~~^
        object_refs, timeout=timeout, _tensor_transport=_tensor_transport
        ^^^^^^^^^^^^^^^^^^^^^^^^^^^^^^^^^^^^^^^^^^^^^^^^^^^^^^^^^^^^^^^^^
    )
    ^
  File "/home/mamatha/anaconda3/lib/python3.13/site-packages/ray/_private/worker.py", line 1026, in get_objects
    raise value.as_instanceof_cause()
ray.exceptions.RayTaskError(ClientAppException): [36mray::ClientAppActor.run()[39m (pid=24753, ip=10.100.14.161, actor_id=af88e3dee57b0458dc3845d601000000, repr=<flwr.simulation.ray_transport.ray_actor.ClientAppActor object at 0x7f093c5c5010>)
  File "/home/mamatha/anaconda3/lib/python3.13/site-packages/flwr/client/client_app.py", line 144, in __call__
    return self._call(message, context)
           ~~~~~~~~~~^^^^^^^^^^^^^^^^^^
  File "/home/mamatha/anaconda3/lib/python3.13/site-packages/flwr/client/client_app.py", line 128, in ffn
    out_message = handle_legacy_message_from_msgtype(
        client_fn=client_fn, message=message, context=context
    )
  File "/home/mamatha/anaconda3/lib/python3.13/site-packages/flwr/client/message_handler/message_handler.py", line 128, in handle_legacy_message_from_msgtype
    fit_res = maybe_call_fit(
        client=client,
        fit_ins=recorddict_to_fitins(message.content, keep_input=True),
    )
  File "/home/mamatha/anaconda3/lib/python3.13/site-packages/flwr/client/client.py", line 224, in maybe_call_fit
    return client.fit(fit_ins)
           ~~~~~~~~~~^^^^^^^^^
  File "/home/mamatha/anaconda3/lib/python3.13/site-packages/flwr/client/numpy_client.py", line 227, in _fit
    results = self.numpy_client.fit(parameters, ins.config)  # type: ignore
  File "/home/mamatha/ME/Research/Hands-On/flower_tutorial/client.py", line 48, in fit
    optim = torch.optim.SGD(self.model.parameters, lr=lr, momentum=momentum)
  File "/home/mamatha/anaconda3/lib/python3.13/site-packages/torch/optim/sgd.py", line 65, in __init__
    super().__init__(params, defaults)
    ~~~~~~~~~~~~~~~~^^^^^^^^^^^^^^^^^^
  File "/home/mamatha/anaconda3/lib/python3.13/site-packages/torch/optim/optimizer.py", line 393, in __init__
    param_groups = list(params)
TypeError: 'method' object is not iterable

The above exception was the direct cause of the following exception:

[36mray::ClientAppActor.run()[39m (pid=24753, ip=10.100.14.161, actor_id=af88e3dee57b0458dc3845d601000000, repr=<flwr.simulation.ray_transport.ray_actor.ClientAppActor object at 0x7f093c5c5010>)
  File "/home/mamatha/anaconda3/lib/python3.13/site-packages/flwr/simulation/ray_transport/ray_actor.py", line 64, in run
    raise ClientAppException(str(ex)) from ex
flwr.client.client_app.ClientAppException: 
Exception ClientAppException occurred. Message: 'method' object is not iterable

[2025-10-15 15:12:19,688][flwr][ERROR] - [36mray::ClientAppActor.run()[39m (pid=24753, ip=10.100.14.161, actor_id=af88e3dee57b0458dc3845d601000000, repr=<flwr.simulation.ray_transport.ray_actor.ClientAppActor object at 0x7f093c5c5010>)
  File "/home/mamatha/anaconda3/lib/python3.13/site-packages/flwr/client/client_app.py", line 144, in __call__
    return self._call(message, context)
           ~~~~~~~~~~^^^^^^^^^^^^^^^^^^
  File "/home/mamatha/anaconda3/lib/python3.13/site-packages/flwr/client/client_app.py", line 128, in ffn
    out_message = handle_legacy_message_from_msgtype(
        client_fn=client_fn, message=message, context=context
    )
  File "/home/mamatha/anaconda3/lib/python3.13/site-packages/flwr/client/message_handler/message_handler.py", line 128, in handle_legacy_message_from_msgtype
    fit_res = maybe_call_fit(
        client=client,
        fit_ins=recorddict_to_fitins(message.content, keep_input=True),
    )
  File "/home/mamatha/anaconda3/lib/python3.13/site-packages/flwr/client/client.py", line 224, in maybe_call_fit
    return client.fit(fit_ins)
           ~~~~~~~~~~^^^^^^^^^
  File "/home/mamatha/anaconda3/lib/python3.13/site-packages/flwr/client/numpy_client.py", line 227, in _fit
    results = self.numpy_client.fit(parameters, ins.config)  # type: ignore
  File "/home/mamatha/ME/Research/Hands-On/flower_tutorial/client.py", line 48, in fit
    optim = torch.optim.SGD(self.model.parameters, lr=lr, momentum=momentum)
  File "/home/mamatha/anaconda3/lib/python3.13/site-packages/torch/optim/sgd.py", line 65, in __init__
    super().__init__(params, defaults)
    ~~~~~~~~~~~~~~~~^^^^^^^^^^^^^^^^^^
  File "/home/mamatha/anaconda3/lib/python3.13/site-packages/torch/optim/optimizer.py", line 393, in __init__
    param_groups = list(params)
TypeError: 'method' object is not iterable

The above exception was the direct cause of the following exception:

[36mray::ClientAppActor.run()[39m (pid=24753, ip=10.100.14.161, actor_id=af88e3dee57b0458dc3845d601000000, repr=<flwr.simulation.ray_transport.ray_actor.ClientAppActor object at 0x7f093c5c5010>)
  File "/home/mamatha/anaconda3/lib/python3.13/site-packages/flwr/simulation/ray_transport/ray_actor.py", line 64, in run
    raise ClientAppException(str(ex)) from ex
flwr.client.client_app.ClientAppException: 
Exception ClientAppException occurred. Message: 'method' object is not iterable
[2025-10-15 15:12:19,688][flwr][INFO] - aggregate_fit: received 0 results and 10 failures
[2025-10-15 15:12:20,172][flwr][INFO] - fit progress: (1, 182.17022371292114, {'accuracy': 0.0982}, 2.545667993999814)
[2025-10-15 15:12:20,172][flwr][INFO] - configure_evaluate: strategy sampled 25 clients (out of 100)
[2025-10-15 15:12:22,797][flwr][INFO] - aggregate_evaluate: received 25 results and 0 failures
[2025-10-15 15:12:22,797][flwr][WARNING] - No evaluate_metrics_aggregation_fn provided
[2025-10-15 15:12:22,797][flwr][INFO] - 
[2025-10-15 15:12:22,797][flwr][INFO] - [SUMMARY]
[2025-10-15 15:12:22,797][flwr][INFO] - Run finished 1 round(s) in 5.17s
[2025-10-15 15:12:22,798][flwr][INFO] - 	History (loss, distributed):
[2025-10-15 15:12:22,798][flwr][INFO] - 		round 1: 6.912131881713867
[2025-10-15 15:12:22,798][flwr][INFO] - 	History (loss, centralized):
[2025-10-15 15:12:22,798][flwr][INFO] - 		round 0: 182.17022371292114
[2025-10-15 15:12:22,798][flwr][INFO] - 		round 1: 182.17022371292114
[2025-10-15 15:12:22,798][flwr][INFO] - 	History (metrics, centralized):
[2025-10-15 15:12:22,798][flwr][INFO] - 	{'accuracy': [(0, 0.0982), (1, 0.0982)]}
[2025-10-15 15:12:22,798][flwr][INFO] - 
